
2018-04-12 08:18:45 Info AppSvrOperator :: Operator thread started.

2018-04-12 08:18:45 Info AppSvrOperator::Connect :: Connect to server 192.168.36.157:1089.

2018-04-12 08:18:45 Info AppSvrOperator::Connect :: Connecting...

2018-04-12 08:19:06 ERROR AppSvrOperator::DoConnect :: Connect to 192.168.36.157:1089 failed!

2018-04-12 08:19:06 ERROR AppSvrOperator::Connect :: Connect failed!

2018-04-12 08:19:06 Info AppSvrOperator::SynExecute :: Executing command 0 ...

2018-04-12 08:19:06 WARNING AppSvrOperator :: Command 0's return flag is not set, it might not be executed by server!

2018-04-12 08:19:08 Info AppSvrOperator::SynExecute :: Executing command 3 ...

2018-04-12 08:19:08 WARNING AppSvrOperator :: Command 3's return flag is not set, it might not be executed by server!

2018-04-12 08:19:09 Info AppSvrOperator::Connect :: Connect to server 192.168.36.157:1089.

2018-04-12 08:19:09 Info AppSvrOperator::Connect :: Connecting...

2018-04-12 08:19:30 ERROR AppSvrOperator::DoConnect :: Connect to 192.168.36.157:1089 failed!

2018-04-12 08:19:30 Info AppSvrOperator::SynExecute :: Executing command 3 ...

2018-04-12 08:19:30 ERROR AppSvrOperator::Connect :: Connect failed!

2018-04-12 08:19:51 ERROR AppSvrOperator::DoConnect :: Connect to 192.168.36.157:1089 failed!

2018-04-12 08:19:51 WARNING AppSvrOperator :: Command 3's return flag is not set, it might not be executed by server!

2018-04-12 08:19:51 Info AppSvrOperator::SynExecute :: Executing command 0 ...

2018-04-12 08:19:51 WARNING AppSvrOperator :: Command 0's return flag is not set, it might not be executed by server!

2018-04-12 08:19:51 Info AppSvrOperator::SynExecute :: Executing command 12 ...

2018-04-12 08:19:51 WARNING AppSvrOperator :: Command 12's return flag is not set, it might not be executed by server!

2018-04-12 08:19:52 Info AppSvrOperator::SynExecute :: Executing command 12 ...

2018-04-12 08:19:52 WARNING AppSvrOperator :: Command 12's return flag is not set, it might not be executed by server!

2018-04-12 08:19:52 Info AppSvrOperator::SynExecute :: Executing command 12 ...

2018-04-12 08:19:52 WARNING AppSvrOperator :: Command 12's return flag is not set, it might not be executed by server!

2018-04-12 08:19:52 Info AppSvrOperator::SynExecute :: Executing command 12 ...

2018-04-12 08:19:52 WARNING AppSvrOperator :: Command 12's return flag is not set, it might not be executed by server!

2018-04-12 08:19:55 Info AppSvrOperator::Connect :: Connect to server 192.168.36.157:1089.

2018-04-12 08:19:55 Info AppSvrOperator::Connect :: Connecting...

2018-04-12 08:20:16 ERROR AppSvrOperator::DoConnect :: Connect to 192.168.36.157:1089 failed!

2018-04-12 08:20:16 ERROR AppSvrOperator::Connect :: Connect failed!

2018-04-12 08:20:16 Info AppSvrOperator::SynExecute :: Executing command 3 ...

2018-11-01 09:19:43 Info AppSvrOperator :: Operator thread started.

2018-11-01 09:19:43 Info AppSvrOperator::Connect :: Connect to server 192.168.36.157:1089.

2018-11-01 09:19:43 Info AppSvrOperator::Connect :: Connecting...

2018-11-01 09:20:04 ERROR AppSvrOperator::DoConnect :: Connect to 192.168.36.157:1089 failed!

2018-11-01 09:20:04 ERROR AppSvrOperator::Connect :: Connect failed!

2018-11-01 09:20:04 Info AppSvrOperator::SynExecute :: Executing command 0 ...

2018-11-01 09:20:04 WARNING AppSvrOperator :: Command 0's return flag is not set, it might not be executed by server!

2018-11-01 09:20:04 Info AppSvrOperator::SynExecute :: Executing command 3 ...

2018-11-01 09:20:04 WARNING AppSvrOperator :: Command 3's return flag is not set, it might not be executed by server!

2018-11-01 09:20:04 Info AppSvrOperator::Connect :: Connect to server 192.168.36.157:1089.

2018-11-01 09:20:04 Info AppSvrOperator::Connect :: Connecting...

2018-11-01 09:20:25 ERROR AppSvrOperator::DoConnect :: Connect to 192.168.36.157:1089 failed!

2018-11-01 09:20:25 ERROR AppSvrOperator::Connect :: Connect failed!

2018-11-01 09:20:25 Info AppSvrOperator::SynExecute :: Executing command 3 ...

2018-11-01 09:20:46 ERROR AppSvrOperator::DoConnect :: Connect to 192.168.36.157:1089 failed!

2018-11-01 09:20:46 WARNING AppSvrOperator :: Command 3's return flag is not set, it might not be executed by server!

2018-11-01 09:20:46 Info AppSvrOperator::SynExecute :: Executing command 0 ...

2018-11-01 09:20:46 WARNING AppSvrOperator :: Command 0's return flag is not set, it might not be executed by server!

2018-11-01 09:20:46 Info AppSvrOperator::SynExecute :: Executing command 12 ...

2018-11-01 09:20:46 WARNING AppSvrOperator :: Command 12's return flag is not set, it might not be executed by server!

2018-11-01 09:20:47 Info AppSvrOperator::SynExecute :: Executing command 12 ...

2018-11-01 09:20:47 WARNING AppSvrOperator :: Command 12's return flag is not set, it might not be executed by server!

2018-11-01 09:20:47 Info AppSvrOperator::SynExecute :: Executing command 12 ...

2018-11-01 09:20:47 WARNING AppSvrOperator :: Command 12's return flag is not set, it might not be executed by server!

2018-11-01 09:20:47 Info AppSvrOperator::SynExecute :: Executing command 12 ...

2018-11-01 09:20:47 WARNING AppSvrOperator :: Command 12's return flag is not set, it might not be executed by server!

2018-11-01 09:20:47 Info AppSvrOperator::Connect :: Connect to server 192.168.36.157:1089.

2018-11-01 09:20:47 Info AppSvrOperator::Connect :: Connecting...

2018-11-01 09:21:08 ERROR AppSvrOperator::DoConnect :: Connect to 192.168.36.157:1089 failed!

2018-11-01 09:21:08 ERROR AppSvrOperator::Connect :: Connect failed!

2018-11-01 09:21:08 Info AppSvrOperator::SynExecute :: Executing command 3 ...

2018-11-01 09:21:29 ERROR AppSvrOperator::DoConnect :: Connect to 192.168.36.157:1089 failed!

2018-11-01 09:21:29 WARNING AppSvrOperator :: Command 3's return flag is not set, it might not be executed by server!

2018-11-01 09:21:29 Info AppSvrOperator::SynExecute :: Executing command 0 ...

2018-11-01 09:21:29 WARNING AppSvrOperator :: Command 0's return flag is not set, it might not be executed by server!

2018-11-01 09:21:31 Info AppSvrOperator::Connect :: Connect to server 192.168.36.157:1089.

2018-11-01 09:21:31 Info AppSvrOperator::Connect :: Connecting...

2018-11-01 09:21:52 ERROR AppSvrOperator::DoConnect :: Connect to 192.168.36.157:1089 failed!

2018-11-01 09:21:52 ERROR AppSvrOperator::Connect :: Connect failed!

2018-11-01 09:21:52 Info AppSvrOperator::SynExecute :: Executing command 3 ...

2018-11-01 09:22:13 ERROR AppSvrOperator::DoConnect :: Connect to 192.168.36.157:1089 failed!

2018-11-01 09:22:13 WARNING AppSvrOperator :: Command 3's return flag is not set, it might not be executed by server!

2018-11-01 09:22:13 Info AppSvrOperator::SynExecute :: Executing command 0 ...

2018-11-01 09:22:13 WARNING AppSvrOperator :: Command 0's return flag is not set, it might not be executed by server!

2018-11-01 09:22:15 Info AppSvrOperator::Connect :: Connect to server 192.168.36.157:1089.

2018-11-01 09:22:15 Info AppSvrOperator::Connect :: Connecting...

2018-11-01 09:22:36 ERROR AppSvrOperator::DoConnect :: Connect to 192.168.36.157:1089 failed!

2018-11-01 09:22:36 ERROR AppSvrOperator::Connect :: Connect failed!

2018-11-01 09:22:36 Info AppSvrOperator::SynExecute :: Executing command 3 ...

2018-11-01 09:22:57 ERROR AppSvrOperator::DoConnect :: Connect to 192.168.36.157:1089 failed!

2018-11-01 09:22:57 WARNING AppSvrOperator :: Command 3's return flag is not set, it might not be executed by server!

2018-11-01 09:22:57 Info AppSvrOperator::SynExecute :: Executing command 0 ...

2018-11-01 09:22:57 WARNING AppSvrOperator :: Command 0's return flag is not set, it might not be executed by server!

2018-11-01 09:22:59 Info AppSvrOperator::Connect :: Connect to server 192.168.36.157:1089.

2018-11-01 09:22:59 Info AppSvrOperator::Connect :: Connecting...

2018-11-01 09:23:20 ERROR AppSvrOperator::DoConnect :: Connect to 192.168.36.157:1089 failed!

2018-11-01 09:23:20 ERROR AppSvrOperator::Connect :: Connect failed!

2018-11-01 09:23:20 Info AppSvrOperator::SynExecute :: Executing command 3 ...

2018-11-01 09:23:41 ERROR AppSvrOperator::DoConnect :: Connect to 192.168.36.157:1089 failed!

2018-11-01 09:23:41 WARNING AppSvrOperator :: Command 3's return flag is not set, it might not be executed by server!

2018-11-01 09:23:41 Info AppSvrOperator::SynExecute :: Executing command 0 ...

2018-11-01 09:23:41 WARNING AppSvrOperator :: Command 0's return flag is not set, it might not be executed by server!

2018-11-01 09:23:43 Info AppSvrOperator::Connect :: Connect to server 192.168.36.157:1089.

2018-11-01 09:23:43 Info AppSvrOperator::Connect :: Connecting...

2018-11-01 09:24:04 ERROR AppSvrOperator::DoConnect :: Connect to 192.168.36.157:1089 failed!

2018-11-01 09:24:04 ERROR AppSvrOperator::Connect :: Connect failed!

2018-11-01 09:24:04 Info AppSvrOperator::SynExecute :: Executing command 3 ...

2018-11-01 09:24:25 ERROR AppSvrOperator::DoConnect :: Connect to 192.168.36.157:1089 failed!

2018-11-01 09:24:25 WARNING AppSvrOperator :: Command 3's return flag is not set, it might not be executed by server!

2018-11-01 09:24:25 Info AppSvrOperator::SynExecute :: Executing command 0 ...

2018-11-01 09:24:25 WARNING AppSvrOperator :: Command 0's return flag is not set, it might not be executed by server!

2018-11-01 09:24:27 Info AppSvrOperator::Connect :: Connect to server 192.168.36.157:1089.

2018-11-01 09:24:27 Info AppSvrOperator::Connect :: Connecting...

2018-11-01 09:24:48 ERROR AppSvrOperator::DoConnect :: Connect to 192.168.36.157:1089 failed!

2018-11-01 09:24:48 ERROR AppSvrOperator::Connect :: Connect failed!

2018-11-01 09:24:48 Info AppSvrOperator::SynExecute :: Executing command 3 ...

2018-11-01 09:25:09 ERROR AppSvrOperator::DoConnect :: Connect to 192.168.36.157:1089 failed!

2018-11-01 09:25:09 WARNING AppSvrOperator :: Command 3's return flag is not set, it might not be executed by server!

2018-11-01 09:25:09 Info AppSvrOperator::SynExecute :: Executing command 0 ...

2018-11-01 09:25:09 WARNING AppSvrOperator :: Command 0's return flag is not set, it might not be executed by server!

2018-11-01 09:25:11 Info AppSvrOperator::Connect :: Connect to server 192.168.36.157:1089.

2018-11-01 09:25:11 Info AppSvrOperator::Connect :: Connecting...

2018-11-01 09:25:32 ERROR AppSvrOperator::DoConnect :: Connect to 192.168.36.157:1089 failed!

2018-11-01 09:25:32 ERROR AppSvrOperator::Connect :: Connect failed!

2018-11-01 09:25:32 Info AppSvrOperator::SynExecute :: Executing command 3 ...

2018-11-01 09:25:53 ERROR AppSvrOperator::DoConnect :: Connect to 192.168.36.157:1089 failed!

2018-11-01 09:25:53 WARNING AppSvrOperator :: Command 3's return flag is not set, it might not be executed by server!

2018-11-01 09:25:53 Info AppSvrOperator::SynExecute :: Executing command 0 ...

2018-11-01 09:25:53 WARNING AppSvrOperator :: Command 0's return flag is not set, it might not be executed by server!

2018-11-01 09:25:55 Info AppSvrOperator::Connect :: Connect to server 192.168.36.157:1089.

2018-11-01 09:25:55 Info AppSvrOperator::Connect :: Connecting...

2018-11-01 09:26:16 ERROR AppSvrOperator::DoConnect :: Connect to 192.168.36.157:1089 failed!

2018-11-01 09:26:16 ERROR AppSvrOperator::Connect :: Connect failed!

2018-11-01 09:26:16 Info AppSvrOperator::SynExecute :: Executing command 3 ...

2018-11-01 09:26:37 ERROR AppSvrOperator::DoConnect :: Connect to 192.168.36.157:1089 failed!

2018-11-01 09:26:37 WARNING AppSvrOperator :: Command 3's return flag is not set, it might not be executed by server!

2018-11-01 09:26:37 Info AppSvrOperator::SynExecute :: Executing command 0 ...

2018-11-01 09:26:37 WARNING AppSvrOperator :: Command 0's return flag is not set, it might not be executed by server!

2018-11-01 09:26:39 Info AppSvrOperator::Connect :: Connect to server 192.168.36.157:1089.

2018-11-01 09:26:39 Info AppSvrOperator::Connect :: Connecting...

2018-11-01 09:27:00 ERROR AppSvrOperator::DoConnect :: Connect to 192.168.36.157:1089 failed!

2018-11-01 09:27:00 ERROR AppSvrOperator::Connect :: Connect failed!

2018-11-01 09:27:00 Info AppSvrOperator::SynExecute :: Executing command 3 ...

2018-11-01 09:27:21 ERROR AppSvrOperator::DoConnect :: Connect to 192.168.36.157:1089 failed!

2018-11-01 09:27:21 WARNING AppSvrOperator :: Command 3's return flag is not set, it might not be executed by server!

2018-11-01 09:27:21 Info AppSvrOperator::SynExecute :: Executing command 0 ...

2018-11-01 09:27:21 WARNING AppSvrOperator :: Command 0's return flag is not set, it might not be executed by server!

2018-11-01 09:27:23 Info AppSvrOperator::Connect :: Connect to server 192.168.36.157:1089.

2018-11-01 09:27:23 Info AppSvrOperator::Connect :: Connecting...

2018-11-01 09:27:44 ERROR AppSvrOperator::DoConnect :: Connect to 192.168.36.157:1089 failed!

2018-11-01 09:27:44 Info AppSvrOperator::SynExecute :: Executing command 3 ...

2018-11-01 09:27:44 ERROR AppSvrOperator::Connect :: Connect failed!

2018-11-01 09:28:05 ERROR AppSvrOperator::DoConnect :: Connect to 192.168.36.157:1089 failed!

2018-11-01 09:28:05 WARNING AppSvrOperator :: Command 3's return flag is not set, it might not be executed by server!

2018-11-01 09:28:05 Info AppSvrOperator::SynExecute :: Executing command 0 ...

2018-11-01 09:28:05 WARNING AppSvrOperator :: Command 0's return flag is not set, it might not be executed by server!

2018-11-01 09:28:07 Info AppSvrOperator::Connect :: Connect to server 192.168.36.157:1089.

2018-11-01 09:28:07 Info AppSvrOperator::Connect :: Connecting...
