
2020-07-16 15:27:16 Info AppSvrOperator::OnPackage :: Command 3 received from server.

2020-07-16 15:27:16 Info AppSvrOperator::OnPackage :: Command 3 returned from server.

2020-07-16 15:27:16 Info AppSvrOperator::SynExecute :: Command 3 executed.

2020-07-16 15:27:16 Info AppSvrOperator::SynExecute :: Executing command 12 ...

2020-07-16 15:27:16 Info AppSvrOperator::OnExecute :: Command 12 sent to server.

2020-07-16 15:27:16 Info AppSvrOperator::OnPackage :: Command 12 received from server.

2020-07-16 15:27:16 Info AppSvrOperator::OnPackage :: Command 12 returned from server.

2020-07-16 15:27:16 Info AppSvrOperator::SynExecute :: Command 12 executed.

2020-07-16 15:27:16 Info AppSvrOperator::SynExecute :: Executing command 12 ...

2020-07-16 15:27:16 Info AppSvrOperator::OnExecute :: Command 12 sent to server.

2020-07-16 15:27:16 Info AppSvrOperator::OnPackage :: Command 12 received from server.

2020-07-16 15:27:16 Info AppSvrOperator::OnPackage :: Command 12 returned from server.

2020-07-16 15:27:16 Info AppSvrOperator::SynExecute :: Command 12 executed.

2020-07-16 15:27:16 Info AppSvrOperator::SynExecute :: Executing command 3 ...

2020-07-16 15:27:16 Info AppSvrOperator::OnExecute :: Command 3 sent to server.

2020-07-16 15:27:16 Info AppSvrOperator::OnPackage :: Command 3 received from server.

2020-07-16 15:27:16 Info AppSvrOperator::OnPackage :: Command 3 returned from server.

2020-07-16 15:27:16 Info AppSvrOperator::SynExecute :: Command 3 executed.

2020-07-16 15:27:16 Info AppSvrOperator::SynExecute :: Executing command 3 ...

2020-07-16 15:27:16 Info AppSvrOperator::OnExecute :: Command 3 sent to server.

2020-07-16 15:27:16 Info AppSvrOperator::OnPackage :: Command 3 received from server.

2020-07-16 15:27:16 Info AppSvrOperator::OnPackage :: Command 3 returned from server.

2020-07-16 15:27:16 Info AppSvrOperator::SynExecute :: Command 3 executed.

2020-07-16 15:27:16 Info AppSvrOperator::SynExecute :: Executing command 12 ...

2020-07-16 15:27:16 Info AppSvrOperator::OnExecute :: Command 12 sent to server.

2020-07-16 15:27:16 Info AppSvrOperator::OnPackage :: Command 12 received from server.

2020-07-16 15:27:16 Info AppSvrOperator::OnPackage :: Command 12 returned from server.

2020-07-16 15:27:16 Info AppSvrOperator::SynExecute :: Command 12 executed.

2020-07-16 15:27:16 Info AppSvrOperator::SynExecute :: Executing command 3 ...

2020-07-16 15:27:16 Info AppSvrOperator::OnExecute :: Command 3 sent to server.

2020-07-16 15:27:16 Info AppSvrOperator::OnPackage :: Command 3 received from server.

2020-07-16 15:27:16 Info AppSvrOperator::OnPackage :: Command 3 returned from server.

2020-07-16 15:27:16 Info AppSvrOperator::SynExecute :: Command 3 executed.

2020-07-16 15:27:16 Info AppSvrOperator::SynExecute :: Executing command 12 ...

2020-07-16 15:27:16 Info AppSvrOperator::OnExecute :: Command 12 sent to server.

2020-07-16 15:27:16 Info AppSvrOperator::OnPackage :: Command 12 received from server.

2020-07-16 15:27:16 Info AppSvrOperator::OnPackage :: Command 12 returned from server.

2020-07-16 15:27:16 Info AppSvrOperator::SynExecute :: Command 12 executed.

2020-07-16 15:27:16 Info AppSvrOperator::SynExecute :: Executing command 3 ...

2020-07-16 15:27:16 Info AppSvrOperator::OnExecute :: Command 3 sent to server.

2020-07-16 15:27:16 Info AppSvrOperator::OnPackage :: Command 3 received from server.

2020-07-16 15:27:16 Info AppSvrOperator::OnPackage :: Command 3 returned from server.

2020-07-16 15:27:16 Info AppSvrOperator::SynExecute :: Command 3 executed.

2020-07-16 15:27:16 Info AppSvrOperator::SynExecute :: Executing command 12 ...

2020-07-16 15:27:16 Info AppSvrOperator::OnExecute :: Command 12 sent to server.

2020-07-16 15:27:16 Info AppSvrOperator::OnPackage :: Command 12 received from server.

2020-07-16 15:27:16 Info AppSvrOperator::OnPackage :: Command 12 returned from server.

2020-07-16 15:27:16 Info AppSvrOperator::SynExecute :: Command 12 executed.

2020-07-16 15:27:16 Info AppSvrOperator::SynExecute :: Executing command 3 ...

2020-07-16 15:27:16 Info AppSvrOperator::OnExecute :: Command 3 sent to server.

2020-07-16 15:27:16 Info AppSvrOperator::OnPackage :: Command 3 received from server.

2020-07-16 15:27:16 Info AppSvrOperator::OnPackage :: Command 3 returned from server.

2020-07-16 15:27:16 Info AppSvrOperator::SynExecute :: Command 3 executed.

2020-07-16 15:27:16 Info AppSvrOperator::SynExecute :: Executing command 12 ...

2020-07-16 15:27:16 Info AppSvrOperator::OnExecute :: Command 12 sent to server.

2020-07-16 15:27:16 Info AppSvrOperator::OnPackage :: Command 12 received from server.

2020-07-16 15:27:16 Info AppSvrOperator::OnPackage :: Command 12 returned from server.

2020-07-16 15:27:16 Info AppSvrOperator::SynExecute :: Command 12 executed.

2020-07-16 15:27:16 Info AppSvrOperator::SynExecute :: Executing command 3 ...

2020-07-16 15:27:16 Info AppSvrOperator::OnExecute :: Command 3 sent to server.

2020-07-16 15:27:16 Info AppSvrOperator::OnPackage :: Command 3 received from server.

2020-07-16 15:27:16 Info AppSvrOperator::OnPackage :: Command 3 returned from server.

2020-07-16 15:27:16 Info AppSvrOperator::SynExecute :: Command 3 executed.

2020-07-16 15:27:16 Info AppSvrOperator::SynExecute :: Executing command 12 ...

2020-07-16 15:27:16 Info AppSvrOperator::OnExecute :: Command 12 sent to server.

2020-07-16 15:27:16 Info AppSvrOperator::OnPackage :: Command 12 received from server.

2020-07-16 15:27:16 Info AppSvrOperator::OnPackage :: Command 12 returned from server.

2020-07-16 15:27:16 Info AppSvrOperator::SynExecute :: Command 12 executed.

2020-07-16 15:27:16 Info AppSvrOperator::SynExecute :: Executing command 3 ...

2020-07-16 15:27:16 Info AppSvrOperator::OnExecute :: Command 3 sent to server.

2020-07-16 15:27:16 Info AppSvrOperator::OnPackage :: Command 3 received from server.

2020-07-16 15:27:16 Info AppSvrOperator::OnPackage :: Command 3 returned from server.

2020-07-16 15:27:16 Info AppSvrOperator::SynExecute :: Command 3 executed.

2020-07-16 15:27:16 Info AppSvrOperator::SynExecute :: Executing command 12 ...

2020-07-16 15:27:16 Info AppSvrOperator::OnExecute :: Command 12 sent to server.

2020-07-16 15:27:16 Info AppSvrOperator::OnPackage :: Command 12 received from server.

2020-07-16 15:27:16 Info AppSvrOperator::OnPackage :: Command 12 returned from server.

2020-07-16 15:27:16 Info AppSvrOperator::SynExecute :: Command 12 executed.

2020-07-16 15:27:16 Info AppSvrOperator::SynExecute :: Executing command 3 ...

2020-07-16 15:27:16 Info AppSvrOperator::OnExecute :: Command 3 sent to server.

2020-07-16 15:27:16 Info AppSvrOperator::OnPackage :: Command 3 received from server.

2020-07-16 15:27:16 Info AppSvrOperator::OnPackage :: Command 3 returned from server.

2020-07-16 15:27:16 Info AppSvrOperator::SynExecute :: Command 3 executed.

2020-07-16 15:27:16 Info AppSvrOperator::SynExecute :: Executing command 3 ...

2020-07-16 15:27:16 Info AppSvrOperator::OnExecute :: Command 3 sent to server.

2020-07-16 15:27:16 Info AppSvrOperator::OnPackage :: Command 3 received from server.

2020-07-16 15:27:16 Info AppSvrOperator::OnPackage :: Command 3 returned from server.

2020-07-16 15:27:16 Info AppSvrOperator::SynExecute :: Command 3 executed.

2020-07-16 15:27:16 Info AppSvrOperator::SynExecute :: Executing command 12 ...

2020-07-16 15:27:16 Info AppSvrOperator::OnExecute :: Command 12 sent to server.

2020-07-16 15:27:16 Info AppSvrOperator::OnPackage :: Command 12 received from server.

2020-07-16 15:27:16 Info AppSvrOperator::OnPackage :: Command 12 returned from server.

2020-07-16 15:27:16 Info AppSvrOperator::SynExecute :: Command 12 executed.

2020-07-16 15:27:16 Info AppSvrOperator::SynExecute :: Executing command 3 ...

2020-07-16 15:27:16 Info AppSvrOperator::OnExecute :: Command 3 sent to server.

2020-07-16 15:27:16 Info AppSvrOperator::OnPackage :: Command 3 received from server.

2020-07-16 15:27:16 Info AppSvrOperator::OnPackage :: Command 3 returned from server.

2020-07-16 15:27:16 Info AppSvrOperator::SynExecute :: Command 3 executed.

2020-07-16 15:27:16 Info AppSvrOperator::SynExecute :: Executing command 12 ...

2020-07-16 15:27:16 Info AppSvrOperator::OnExecute :: Command 12 sent to server.

2020-07-16 15:27:16 Info AppSvrOperator::OnPackage :: Command 12 received from server.

2020-07-16 15:27:16 Info AppSvrOperator::OnPackage :: Command 12 returned from server.

2020-07-16 15:27:16 Info AppSvrOperator::SynExecute :: Command 12 executed.

2020-07-16 15:27:16 Info AppSvrOperator::SynExecute :: Executing command 3 ...

2020-07-16 15:27:16 Info AppSvrOperator::OnExecute :: Command 3 sent to server.

2020-07-16 15:27:16 Info AppSvrOperator::OnPackage :: Command 3 received from server.

2020-07-16 15:27:16 Info AppSvrOperator::OnPackage :: Command 3 returned from server.

2020-07-16 15:27:16 Info AppSvrOperator::SynExecute :: Command 3 executed.

2020-07-16 15:27:16 Info AppSvrOperator::SynExecute :: Executing command 12 ...

2020-07-16 15:27:16 Info AppSvrOperator::OnExecute :: Command 12 sent to server.

2020-07-16 15:27:16 Info AppSvrOperator::OnPackage :: Command 12 received from server.

2020-07-16 15:27:16 Info AppSvrOperator::OnPackage :: Command 12 returned from server.

2020-07-16 15:27:16 Info AppSvrOperator::SynExecute :: Command 12 executed.

2020-07-16 15:27:16 Info AppSvrOperator::SynExecute :: Executing command 3 ...

2020-07-16 15:27:16 Info AppSvrOperator::OnExecute :: Command 3 sent to server.

2020-07-16 15:27:16 Info AppSvrOperator::OnPackage :: Command 3 received from server.

2020-07-16 15:27:16 Info AppSvrOperator::OnPackage :: Command 3 returned from server.

2020-07-16 15:27:16 Info AppSvrOperator::SynExecute :: Command 3 executed.

2020-07-16 15:27:16 Info AppSvrOperator::SynExecute :: Executing command 12 ...

2020-07-16 15:27:16 Info AppSvrOperator::OnExecute :: Command 12 sent to server.

2020-07-16 15:27:16 Info AppSvrOperator::OnPackage :: Command 12 received from server.

2020-07-16 15:27:16 Info AppSvrOperator::OnPackage :: Command 12 returned from server.

2020-07-16 15:27:16 Info AppSvrOperator::SynExecute :: Command 12 executed.

2020-07-16 15:27:16 Info AppSvrOperator::SynExecute :: Executing command 14 ...

2020-07-16 15:27:16 Info AppSvrOperator::OnExecute :: Command 14 sent to server.

2020-07-16 15:27:16 Info AppSvrOperator::OnPackage :: Command 14 received from server.

2020-07-16 15:27:16 Info AppSvrOperator::OnPackage :: Command 14 returned from server.

2020-07-16 15:27:16 Info AppSvrOperator::SynExecute :: Command 14 executed.

2020-07-16 15:27:16 Info AppSvrOperator::SynExecute :: Executing command 12 ...

2020-07-16 15:27:16 Info AppSvrOperator::OnExecute :: Command 12 sent to server.

2020-07-16 15:27:16 Info AppSvrOperator::OnPackage :: Command 12 received from server.

2020-07-16 15:27:16 Info AppSvrOperator::OnPackage :: Command 12 returned from server.

2020-07-16 15:27:16 Info AppSvrOperator::SynExecute :: Command 12 executed.

2020-07-16 15:27:16 Info AppSvrOperator::SynExecute :: Executing command 3 ...

2020-07-16 15:27:16 Info AppSvrOperator::OnExecute :: Command 3 sent to server.

2020-07-16 15:27:16 Info AppSvrOperator::OnPackage :: Command 3 received from server.

2020-07-16 15:27:16 Info AppSvrOperator::OnPackage :: Command 3 returned from server.

2020-07-16 15:27:16 Info AppSvrOperator::SynExecute :: Command 3 executed.

2020-07-16 15:27:16 Info AppSvrOperator::SynExecute :: Executing command 3 ...

2020-07-16 15:27:16 Info AppSvrOperator::OnExecute :: Command 3 sent to server.

2020-07-16 15:27:16 Info AppSvrOperator::OnPackage :: Command 3 received from server.

2020-07-16 15:27:16 Info AppSvrOperator::OnPackage :: Command 3 returned from server.

2020-07-16 15:27:16 Info AppSvrOperator::SynExecute :: Command 3 executed.

2020-07-16 15:27:16 Info AppSvrOperator::SynExecute :: Executing command 3 ...

2020-07-16 15:27:16 Info AppSvrOperator::OnExecute :: Command 3 sent to server.

2020-07-16 15:27:16 Info AppSvrOperator::OnPackage :: Command 3 received from server.

2020-07-16 15:27:16 Info AppSvrOperator::OnPackage :: Command 3 returned from server.

2020-07-16 15:27:16 Info AppSvrOperator::SynExecute :: Command 3 executed.

2020-07-16 15:27:16 Info AppSvrOperator::SynExecute :: Executing command 3 ...

2020-07-16 15:27:16 Info AppSvrOperator::OnExecute :: Command 3 sent to server.

2020-07-16 15:27:16 Info AppSvrOperator::OnPackage :: Command 3 received from server.

2020-07-16 15:27:16 Info AppSvrOperator::OnPackage :: Command 3 returned from server.

2020-07-16 15:27:16 Info AppSvrOperator::SynExecute :: Command 3 executed.

2020-07-16 15:27:16 Info AppSvrOperator::SynExecute :: Executing command 3 ...

2020-07-16 15:27:16 Info AppSvrOperator::OnExecute :: Command 3 sent to server.

2020-07-16 15:27:16 Info AppSvrOperator::OnPackage :: Command 3 received from server.

2020-07-16 15:27:16 Info AppSvrOperator::OnPackage :: Command 3 returned from server.

2020-07-16 15:27:16 Info AppSvrOperator::SynExecute :: Command 3 executed.

2020-07-16 15:27:16 Info AppSvrOperator::SynExecute :: Executing command 3 ...

2020-07-16 15:27:16 Info AppSvrOperator::OnExecute :: Command 3 sent to server.

2020-07-16 15:27:16 Info AppSvrOperator::OnPackage :: Command 3 received from server.

2020-07-16 15:27:16 Info AppSvrOperator::OnPackage :: Command 3 returned from server.

2020-07-16 15:27:16 Info AppSvrOperator::SynExecute :: Command 3 executed.

2020-07-16 15:27:16 Info AppSvrOperator::SynExecute :: Executing command 3 ...

2020-07-16 15:27:16 Info AppSvrOperator::OnExecute :: Command 3 sent to server.

2020-07-16 15:27:16 Info AppSvrOperator::OnPackage :: Command 3 received from server.

2020-07-16 15:27:16 Info AppSvrOperator::OnPackage :: Command 3 returned from server.

2020-07-16 15:27:16 Info AppSvrOperator::SynExecute :: Command 3 executed.

2020-07-16 15:27:16 Info AppSvrOperator::SynExecute :: Executing command 3 ...

2020-07-16 15:27:16 Info AppSvrOperator::OnExecute :: Command 3 sent to server.

2020-07-16 15:27:16 Info AppSvrOperator::OnPackage :: Command 3 received from server.

2020-07-16 15:27:16 Info AppSvrOperator::OnPackage :: Command 3 returned from server.

2020-07-16 15:27:16 Info AppSvrOperator::SynExecute :: Command 3 executed.

2020-07-16 15:27:16 Info AppSvrOperator::SynExecute :: Executing command 3 ...

2020-07-16 15:27:16 Info AppSvrOperator::OnExecute :: Command 3 sent to server.

2020-07-16 15:27:16 Info AppSvrOperator::OnPackage :: Command 3 received from server.

2020-07-16 15:27:16 Info AppSvrOperator::OnPackage :: Command 3 returned from server.

2020-07-16 15:27:16 Info AppSvrOperator::SynExecute :: Command 3 executed.

2020-07-16 15:27:16 Info AppSvrOperator::SynExecute :: Executing command 3 ...

2020-07-16 15:27:16 Info AppSvrOperator::OnExecute :: Command 3 sent to server.

2020-07-16 15:27:16 Info AppSvrOperator::OnPackage :: Command 3 received from server.

2020-07-16 15:27:16 Info AppSvrOperator::OnPackage :: Command 3 returned from server.

2020-07-16 15:27:16 Info AppSvrOperator::SynExecute :: Command 3 executed.

2020-07-16 15:27:16 Info AppSvrOperator::SynExecute :: Executing command 3 ...

2020-07-16 15:27:16 Info AppSvrOperator::OnExecute :: Command 3 sent to server.

2020-07-16 15:27:16 Info AppSvrOperator::OnPackage :: Command 3 received from server.

2020-07-16 15:27:16 Info AppSvrOperator::OnPackage :: Command 3 returned from server.

2020-07-16 15:27:16 Info AppSvrOperator::SynExecute :: Command 3 executed.

2020-07-16 15:27:16 Info AppSvrOperator::SynExecute :: Executing command 3 ...

2020-07-16 15:27:16 Info AppSvrOperator::OnExecute :: Command 3 sent to server.

2020-07-16 15:27:16 Info AppSvrOperator::OnPackage :: Command 3 received from server.

2020-07-16 15:27:16 Info AppSvrOperator::OnPackage :: Command 3 returned from server.

2020-07-16 15:27:16 Info AppSvrOperator::SynExecute :: Command 3 executed.

2020-07-16 15:27:16 Info AppSvrOperator::SynExecute :: Executing command 12 ...

2020-07-16 15:27:16 Info AppSvrOperator::OnExecute :: Command 12 sent to server.

2020-07-16 15:27:16 Info AppSvrOperator::OnPackage :: Command 12 received from server.

2020-07-16 15:27:16 Info AppSvrOperator::OnPackage :: Command 12 returned from server.

2020-07-16 15:27:16 Info AppSvrOperator::SynExecute :: Command 12 executed.

2020-07-16 15:27:16 Info AppSvrOperator::SynExecute :: Executing command 3 ...

2020-07-16 15:27:16 Info AppSvrOperator::OnExecute :: Command 3 sent to server.

2020-07-16 15:27:16 Info AppSvrOperator::OnPackage :: Command 3 received from server.

2020-07-16 15:27:16 Info AppSvrOperator::OnPackage :: Command 3 returned from server.

2020-07-16 15:27:16 Info AppSvrOperator::SynExecute :: Command 3 executed.

2020-07-16 15:27:16 Info AppSvrOperator::SynExecute :: Executing command 3 ...

2020-07-16 15:27:16 Info AppSvrOperator::OnExecute :: Command 3 sent to server.

2020-07-16 15:27:16 Info AppSvrOperator::OnPackage :: Command 3 received from server.

2020-07-16 15:27:16 Info AppSvrOperator::OnPackage :: Command 3 returned from server.

2020-07-16 15:27:16 Info AppSvrOperator::SynExecute :: Command 3 executed.

2020-07-16 15:27:16 Info AppSvrOperator::SynExecute :: Executing command 3 ...

2020-07-16 15:27:16 Info AppSvrOperator::OnExecute :: Command 3 sent to server.

2020-07-16 15:27:16 Info AppSvrOperator::OnPackage :: Command 3 received from server.

2020-07-16 15:27:16 Info AppSvrOperator::OnPackage :: Command 3 returned from server.

2020-07-16 15:27:16 Info AppSvrOperator::SynExecute :: Command 3 executed.

2020-07-16 15:27:16 Info AppSvrOperator::SynExecute :: Executing command 3 ...

2020-07-16 15:27:16 Info AppSvrOperator::OnExecute :: Command 3 sent to server.

2020-07-16 15:27:16 Info AppSvrOperator::OnPackage :: Command 3 received from server.

2020-07-16 15:27:16 Info AppSvrOperator::OnPackage :: Command 3 returned from server.

2020-07-16 15:27:16 Info AppSvrOperator::SynExecute :: Command 3 executed.

2020-07-16 15:27:16 Info AppSvrOperator::SynExecute :: Executing command 3 ...

2020-07-16 15:27:16 Info AppSvrOperator::OnExecute :: Command 3 sent to server.

2020-07-16 15:27:16 Info AppSvrOperator::OnPackage :: Command 3 received from server.

2020-07-16 15:27:16 Info AppSvrOperator::OnPackage :: Command 3 returned from server.

2020-07-16 15:27:16 Info AppSvrOperator::SynExecute :: Command 3 executed.

2020-07-16 15:27:16 Info AppSvrOperator::SynExecute :: Executing command 3 ...

2020-07-16 15:27:16 Info AppSvrOperator::OnExecute :: Command 3 sent to server.

2020-07-16 15:27:16 Info AppSvrOperator::OnPackage :: Command 3 received from server.

2020-07-16 15:27:16 Info AppSvrOperator::OnPackage :: Command 3 returned from server.

2020-07-16 15:27:16 Info AppSvrOperator::SynExecute :: Command 3 executed.

2020-07-16 15:27:16 Info AppSvrOperator::SynExecute :: Executing command 3 ...

2020-07-16 15:27:16 Info AppSvrOperator::OnExecute :: Command 3 sent to server.

2020-07-16 15:27:16 Info AppSvrOperator::OnPackage :: Command 3 received from server.

2020-07-16 15:27:16 Info AppSvrOperator::OnPackage :: Command 3 returned from server.

2020-07-16 15:27:16 Info AppSvrOperator::SynExecute :: Command 3 executed.

2020-07-16 15:27:16 Info AppSvrOperator::SynExecute :: Executing command 3 ...

2020-07-16 15:27:16 Info AppSvrOperator::OnExecute :: Command 3 sent to server.

2020-07-16 15:27:16 Info AppSvrOperator::OnPackage :: Command 3 received from server.

2020-07-16 15:27:16 Info AppSvrOperator::OnPackage :: Command 3 returned from server.

2020-07-16 15:27:16 Info AppSvrOperator::SynExecute :: Command 3 executed.

2020-07-16 15:27:16 Info AppSvrOperator::SynExecute :: Executing command 3 ...

2020-07-16 15:27:16 Info AppSvrOperator::OnExecute :: Command 3 sent to server.

2020-07-16 15:27:16 Info AppSvrOperator::OnPackage :: Command 3 received from server.

2020-07-16 15:27:16 Info AppSvrOperator::OnPackage :: Command 3 returned from server.

2020-07-16 15:27:16 Info AppSvrOperator::SynExecute :: Command 3 executed.

2020-07-16 15:27:16 Info AppSvrOperator::SynExecute :: Executing command 3 ...

2020-07-16 15:27:16 Info AppSvrOperator::OnExecute :: Command 3 sent to server.

2020-07-16 15:27:16 Info AppSvrOperator::OnPackage :: Command 3 received from server.

2020-07-16 15:27:16 Info AppSvrOperator::OnPackage :: Command 3 returned from server.

2020-07-16 15:27:16 Info AppSvrOperator::SynExecute :: Command 3 executed.

2020-07-16 15:27:16 Info AppSvrOperator::SynExecute :: Executing command 3 ...

2020-07-16 15:27:16 Info AppSvrOperator::OnExecute :: Command 3 sent to server.

2020-07-16 15:27:16 Info AppSvrOperator::OnPackage :: Command 3 received from server.

2020-07-16 15:27:16 Info AppSvrOperator::OnPackage :: Command 3 returned from server.

2020-07-16 15:27:16 Info AppSvrOperator::SynExecute :: Command 3 executed.

2020-07-16 15:27:16 Info AppSvrOperator::SynExecute :: Executing command 3 ...

2020-07-16 15:27:16 Info AppSvrOperator::OnExecute :: Command 3 sent to server.

2020-07-16 15:27:16 Info AppSvrOperator::OnPackage :: Command 3 received from server.

2020-07-16 15:27:16 Info AppSvrOperator::OnPackage :: Command 3 returned from server.

2020-07-16 15:27:16 Info AppSvrOperator::SynExecute :: Command 3 executed.

2020-07-16 15:27:16 Info AppSvrOperator::SynExecute :: Executing command 3 ...

2020-07-16 15:27:16 Info AppSvrOperator::OnExecute :: Command 3 sent to server.

2020-07-16 15:27:16 Info AppSvrOperator::OnPackage :: Command 3 received from server.

2020-07-16 15:27:16 Info AppSvrOperator::OnPackage :: Command 3 returned from server.

2020-07-16 15:27:16 Info AppSvrOperator::SynExecute :: Command 3 executed.

2020-07-16 15:27:16 Info AppSvrOperator::SynExecute :: Executing command 3 ...

2020-07-16 15:27:16 Info AppSvrOperator::OnExecute :: Command 3 sent to server.

2020-07-16 15:27:16 Info AppSvrOperator::OnPackage :: Command 3 received from server.

2020-07-16 15:27:16 Info AppSvrOperator::OnPackage :: Command 3 returned from server.

2020-07-16 15:27:16 Info AppSvrOperator::SynExecute :: Command 3 executed.

2020-07-16 15:27:16 Info AppSvrOperator::SynExecute :: Executing command 3 ...

2020-07-16 15:27:16 Info AppSvrOperator::OnExecute :: Command 3 sent to server.

2020-07-16 15:27:16 Info AppSvrOperator::OnPackage :: Command 3 received from server.

2020-07-16 15:27:16 Info AppSvrOperator::OnPackage :: Command 3 returned from server.

2020-07-16 15:27:16 Info AppSvrOperator::SynExecute :: Command 3 executed.

2020-07-16 15:27:16 Info AppSvrOperator::SynExecute :: Executing command 3 ...

2020-07-16 15:27:16 Info AppSvrOperator::OnExecute :: Command 3 sent to server.

2020-07-16 15:27:16 Info AppSvrOperator::OnPackage :: Command 3 received from server.

2020-07-16 15:27:16 Info AppSvrOperator::OnPackage :: Command 3 returned from server.

2020-07-16 15:27:16 Info AppSvrOperator::SynExecute :: Command 3 executed.

2020-07-16 15:27:16 Info AppSvrOperator::SynExecute :: Executing command 3 ...

2020-07-16 15:27:16 Info AppSvrOperator::OnExecute :: Command 3 sent to server.

2020-07-16 15:27:16 Info AppSvrOperator::OnPackage :: Command 3 received from server.

2020-07-16 15:27:16 Info AppSvrOperator::OnPackage :: Command 3 returned from server.

2020-07-16 15:27:16 Info AppSvrOperator::SynExecute :: Command 3 executed.

2020-07-16 15:27:16 Info AppSvrOperator::SynExecute :: Executing command 3 ...

2020-07-16 15:27:16 Info AppSvrOperator::OnExecute :: Command 3 sent to server.

2020-07-16 15:27:16 Info AppSvrOperator::OnPackage :: Command 3 received from server.

2020-07-16 15:27:16 Info AppSvrOperator::OnPackage :: Command 3 returned from server.

2020-07-16 15:27:16 Info AppSvrOperator::SynExecute :: Command 3 executed.

2020-07-16 15:27:16 Info AppSvrOperator::SynExecute :: Executing command 3 ...

2020-07-16 15:27:16 Info AppSvrOperator::OnExecute :: Command 3 sent to server.

2020-07-16 15:27:16 Info AppSvrOperator::OnPackage :: Command 3 received from server.

2020-07-16 15:27:16 Info AppSvrOperator::OnPackage :: Command 3 returned from server.

2020-07-16 15:27:16 Info AppSvrOperator::SynExecute :: Command 3 executed.

2020-07-16 15:27:16 Info AppSvrOperator::SynExecute :: Executing command 3 ...

2020-07-16 15:27:16 Info AppSvrOperator::OnExecute :: Command 3 sent to server.

2020-07-16 15:27:16 Info AppSvrOperator::OnPackage :: Command 3 received from server.

2020-07-16 15:27:16 Info AppSvrOperator::OnPackage :: Command 3 returned from server.

2020-07-16 15:27:16 Info AppSvrOperator::SynExecute :: Command 3 executed.

2020-07-16 15:27:16 Info AppSvrOperator::SynExecute :: Executing command 12 ...

2020-07-16 15:27:16 Info AppSvrOperator::OnExecute :: Command 12 sent to server.

2020-07-16 15:27:16 Info AppSvrOperator::OnPackage :: Command 12 received from server.

2020-07-16 15:27:16 Info AppSvrOperator::OnPackage :: Command 12 returned from server.

2020-07-16 15:27:16 Info AppSvrOperator::SynExecute :: Command 12 executed.

2020-07-16 15:27:16 Info AppSvrOperator::SynExecute :: Executing command 3 ...

2020-07-16 15:27:16 Info AppSvrOperator::OnExecute :: Command 3 sent to server.

2020-07-16 15:27:16 Info AppSvrOperator::OnPackage :: Command 3 received from server.

2020-07-16 15:27:16 Info AppSvrOperator::OnPackage :: Command 3 returned from server.

2020-07-16 15:27:16 Info AppSvrOperator::SynExecute :: Command 3 executed.

2020-07-16 15:27:16 Info AppSvrOperator::SynExecute :: Executing command 3 ...

2020-07-16 15:27:16 Info AppSvrOperator::OnExecute :: Command 3 sent to server.

2020-07-16 15:27:16 Info AppSvrOperator::OnPackage :: Command 3 received from server.

2020-07-16 15:27:16 Info AppSvrOperator::OnPackage :: Command 3 returned from server.

2020-07-16 15:27:16 Info AppSvrOperator::SynExecute :: Command 3 executed.

2020-07-16 15:27:16 Info AppSvrOperator::SynExecute :: Executing command 3 ...

2020-07-16 15:27:16 Info AppSvrOperator::OnExecute :: Command 3 sent to server.

2020-07-16 15:27:16 Info AppSvrOperator::OnPackage :: Command 3 received from server.

2020-07-16 15:27:16 Info AppSvrOperator::OnPackage :: Command 3 returned from server.

2020-07-16 15:27:16 Info AppSvrOperator::SynExecute :: Command 3 executed.

2020-07-16 15:27:16 Info AppSvrOperator::SynExecute :: Executing command 3 ...

2020-07-16 15:27:16 Info AppSvrOperator::OnExecute :: Command 3 sent to server.

2020-07-16 15:27:16 Info AppSvrOperator::OnPackage :: Command 3 received from server.

2020-07-16 15:27:16 Info AppSvrOperator::OnPackage :: Command 3 returned from server.

2020-07-16 15:27:16 Info AppSvrOperator::SynExecute :: Command 3 executed.

2020-07-16 15:27:16 Info AppSvrOperator::SynExecute :: Executing command 3 ...

2020-07-16 15:27:16 Info AppSvrOperator::OnExecute :: Command 3 sent to server.

2020-07-16 15:27:16 Info AppSvrOperator::OnPackage :: Command 3 received from server.

2020-07-16 15:27:16 Info AppSvrOperator::OnPackage :: Command 3 returned from server.

2020-07-16 15:27:16 Info AppSvrOperator::SynExecute :: Command 3 executed.

2020-07-16 15:27:16 Info AppSvrOperator::SynExecute :: Executing command 3 ...

2020-07-16 15:27:16 Info AppSvrOperator::OnExecute :: Command 3 sent to server.

2020-07-16 15:27:16 Info AppSvrOperator::OnPackage :: Command 3 received from server.

2020-07-16 15:27:16 Info AppSvrOperator::OnPackage :: Command 3 returned from server.

2020-07-16 15:27:16 Info AppSvrOperator::SynExecute :: Command 3 executed.

2020-07-16 15:27:16 Info AppSvrOperator::SynExecute :: Executing command 3 ...

2020-07-16 15:27:16 Info AppSvrOperator::OnExecute :: Command 3 sent to server.

2020-07-16 15:27:16 Info AppSvrOperator::OnPackage :: Command 3 received from server.

2020-07-16 15:27:16 Info AppSvrOperator::OnPackage :: Command 3 returned from server.

2020-07-16 15:27:16 Info AppSvrOperator::SynExecute :: Command 3 executed.

2020-07-16 15:27:16 Info AppSvrOperator::SynExecute :: Executing command 3 ...

2020-07-16 15:27:16 Info AppSvrOperator::OnExecute :: Command 3 sent to server.

2020-07-16 15:27:16 Info AppSvrOperator::OnPackage :: Command 3 received from server.

2020-07-16 15:27:16 Info AppSvrOperator::OnPackage :: Command 3 returned from server.

2020-07-16 15:27:16 Info AppSvrOperator::SynExecute :: Command 3 executed.

2020-07-16 15:27:16 Info AppSvrOperator::SynExecute :: Executing command 3 ...

2020-07-16 15:27:16 Info AppSvrOperator::OnExecute :: Command 3 sent to server.

2020-07-16 15:27:16 Info AppSvrOperator::OnPackage :: Command 3 received from server.

2020-07-16 15:27:16 Info AppSvrOperator::OnPackage :: Command 3 returned from server.

2020-07-16 15:27:16 Info AppSvrOperator::SynExecute :: Command 3 executed.

2020-07-16 15:27:16 Info AppSvrOperator::SynExecute :: Executing command 3 ...

2020-07-16 15:27:16 Info AppSvrOperator::OnExecute :: Command 3 sent to server.

2020-07-16 15:27:16 Info AppSvrOperator::OnPackage :: Command 3 received from server.

2020-07-16 15:27:16 Info AppSvrOperator::OnPackage :: Command 3 returned from server.

2020-07-16 15:27:16 Info AppSvrOperator::SynExecute :: Command 3 executed.

2020-07-16 15:27:16 Info AppSvrOperator::SynExecute :: Executing command 3 ...

2020-07-16 15:27:16 Info AppSvrOperator::OnExecute :: Command 3 sent to server.

2020-07-16 15:27:16 Info AppSvrOperator::OnPackage :: Command 3 received from server.

2020-07-16 15:27:16 Info AppSvrOperator::OnPackage :: Command 3 returned from server.

2020-07-16 15:27:16 Info AppSvrOperator::SynExecute :: Command 3 executed.

2020-07-16 15:27:16 Info AppSvrOperator::SynExecute :: Executing command 3 ...

2020-07-16 15:27:16 Info AppSvrOperator::OnExecute :: Command 3 sent to server.

2020-07-16 15:27:16 Info AppSvrOperator::OnPackage :: Command 3 received from server.

2020-07-16 15:27:16 Info AppSvrOperator::OnPackage :: Command 3 returned from server.

2020-07-16 15:27:16 Info AppSvrOperator::SynExecute :: Command 3 executed.

2020-07-16 15:27:17 Info AppSvrOperator::SynExecute :: Executing command 3 ...

2020-07-16 15:27:17 Info AppSvrOperator::OnExecute :: Command 3 sent to server.

2020-07-16 15:27:17 Info AppSvrOperator::OnPackage :: Command 3 received from server.

2020-07-16 15:27:17 Info AppSvrOperator::OnPackage :: Command 3 returned from server.

2020-07-16 15:27:17 Info AppSvrOperator::SynExecute :: Command 3 executed.

2020-07-16 15:27:17 Info AppSvrOperator::SynExecute :: Executing command 3 ...

2020-07-16 15:27:17 Info AppSvrOperator::OnExecute :: Command 3 sent to server.

2020-07-16 15:27:17 Info AppSvrOperator::OnPackage :: Command 3 received from server.

2020-07-16 15:27:17 Info AppSvrOperator::OnPackage :: Command 3 returned from server.

2020-07-16 15:27:17 Info AppSvrOperator::SynExecute :: Command 3 executed.

2020-07-16 15:27:17 Info AppSvrOperator::SynExecute :: Executing command 14 ...

2020-07-16 15:27:17 Info AppSvrOperator::OnExecute :: Command 14 sent to server.

2020-07-16 15:27:17 Info AppSvrOperator::OnPackage :: Command 14 received from server.

2020-07-16 15:27:17 Info AppSvrOperator::OnPackage :: Command 14 returned from server.

2020-07-16 15:27:17 Info AppSvrOperator::SynExecute :: Command 14 executed.

2020-07-16 15:27:17 Info AppSvrOperator::SynExecute :: Executing command 14 ...

2020-07-16 15:27:17 Info AppSvrOperator::OnExecute :: Command 14 sent to server.

2020-07-16 15:27:17 Info AppSvrOperator::OnPackage :: Command 14 received from server.

2020-07-16 15:27:17 Info AppSvrOperator::OnPackage :: Command 14 returned from server.

2020-07-16 15:27:17 Info AppSvrOperator::SynExecute :: Command 14 executed.

2020-07-16 15:27:20 Info AppSvrOperator::OnPackage :: Command 11 received from server.

2020-07-16 15:27:20 Info AppSvrOperator::OnPackage :: Message -2147482880 send from server.

2020-07-16 15:27:21 Info AppSvrOperator::OnPackage :: Command 11 received from server.

2020-07-16 15:27:21 Info AppSvrOperator::OnPackage :: Message -2147482880 send from server.

2020-07-16 15:27:25 Info AppSvrOperator::OnPackage :: Command 11 received from server.

2020-07-16 15:27:25 Info AppSvrOperator::OnPackage :: Message -2147482880 send from server.

2020-07-16 15:27:26 Info AppSvrOperator::SynExecute :: Executing command 0 ...

2020-07-16 15:27:26 Info AppSvrOperator::OnExecute :: Command 0 sent to server.

2020-07-16 15:27:26 Info AppSvrOperator::OnPackage :: Command 0 received from server.

2020-07-16 15:27:26 Info AppSvrOperator::OnPackage :: Command 0 returned from server.

2020-07-16 15:27:26 Info AppSvrOperator::SynExecute :: Command 0 executed.

2020-07-16 15:27:30 Info AppSvrOperator::OnPackage :: Command 11 received from server.

2020-07-16 15:27:30 Info AppSvrOperator::OnPackage :: Message -2147482880 send from server.

2020-07-16 15:27:30 Info AppSvrOperator::OnPackage :: Command 11 received from server.

2020-07-16 15:27:30 Info AppSvrOperator::OnPackage :: Message -2147482880 send from server.

2020-07-16 15:27:30 Info AppSvrOperator::OnPackage :: Command 11 received from server.

2020-07-16 15:27:30 Info AppSvrOperator::OnPackage :: Message -2147482880 send from server.

2020-07-16 15:27:32 Info AppSvrOperator::OnPackage :: Command 11 received from server.

2020-07-16 15:27:32 Info AppSvrOperator::OnPackage :: Message -2147482880 send from server.

2020-07-16 15:27:32 Info AppSvrOperator::OnPackage :: Command 11 received from server.

2020-07-16 15:27:32 Info AppSvrOperator::OnPackage :: Message -2147482880 send from server.

2020-07-16 15:27:35 Info AppSvrOperator::OnPackage :: Command 11 received from server.

2020-07-16 15:27:35 Info AppSvrOperator::OnPackage :: Message -2147482880 send from server.

2020-07-16 15:27:37 Info AppSvrOperator::SynExecute :: Executing command 0 ...

2020-07-16 15:27:37 Info AppSvrOperator::OnExecute :: Command 0 sent to server.

2020-07-16 15:27:37 Info AppSvrOperator::OnPackage :: Command 0 received from server.

2020-07-16 15:27:37 Info AppSvrOperator::OnPackage :: Command 0 returned from server.

2020-07-16 15:27:37 Info AppSvrOperator::SynExecute :: Command 0 executed.

2020-07-16 15:27:40 Info AppSvrOperator::OnPackage :: Command 11 received from server.

2020-07-16 15:27:40 Info AppSvrOperator::OnPackage :: Message -2147482880 send from server.

2020-07-16 15:27:47 Info AppSvrOperator::OnPackage :: Command 11 received from server.

2020-07-16 15:27:47 Info AppSvrOperator::OnPackage :: Message -2147482880 send from server.

2020-07-16 15:27:48 Info AppSvrOperator::SynExecute :: Executing command 0 ...

2020-07-16 15:27:48 Info AppSvrOperator::OnExecute :: Command 0 sent to server.

2020-07-16 15:27:48 Info AppSvrOperator::OnPackage :: Command 0 received from server.

2020-07-16 15:27:48 Info AppSvrOperator::OnPackage :: Command 0 returned from server.

2020-07-16 15:27:48 Info AppSvrOperator::SynExecute :: Command 0 executed.

2020-07-16 15:27:50 Info AppSvrOperator::OnPackage :: Command 11 received from server.

2020-07-16 15:27:50 Info AppSvrOperator::OnPackage :: Message -2147482880 send from server.

2020-07-16 15:27:55 Info AppSvrOperator::OnPackage :: Command 11 received from server.

2020-07-16 15:27:55 Info AppSvrOperator::OnPackage :: Message -2147482880 send from server.

2020-07-16 15:27:59 Info AppSvrOperator::SynExecute :: Executing command 0 ...

2020-07-16 15:27:59 Info AppSvrOperator::OnExecute :: Command 0 sent to server.

2020-07-16 15:27:59 Info AppSvrOperator::OnPackage :: Command 0 received from server.

2020-07-16 15:27:59 Info AppSvrOperator::OnPackage :: Command 0 returned from server.

2020-07-16 15:27:59 Info AppSvrOperator::SynExecute :: Command 0 executed.

2020-07-16 15:28:00 Info AppSvrOperator::OnPackage :: Command 11 received from server.

2020-07-16 15:28:00 Info AppSvrOperator::OnPackage :: Message -2147482880 send from server.

2020-07-16 15:28:02 Info AppSvrOperator::OnPackage :: Command 11 received from server.

2020-07-16 15:28:02 Info AppSvrOperator::OnPackage :: Message -2147482880 send from server.

2020-07-16 15:28:02 Info AppSvrOperator::OnPackage :: Command 11 received from server.

2020-07-16 15:28:02 Info AppSvrOperator::OnPackage :: Message -2147482880 send from server.

2020-07-16 15:28:05 Info AppSvrOperator::OnPackage :: Command 11 received from server.

2020-07-16 15:28:05 Info AppSvrOperator::OnPackage :: Message -2147482880 send from server.

2020-07-16 15:28:10 Info AppSvrOperator::OnPackage :: Command 11 received from server.

2020-07-16 15:28:10 Info AppSvrOperator::OnPackage :: Message -2147482880 send from server.

2020-07-16 15:28:10 Info AppSvrOperator::SynExecute :: Executing command 0 ...

2020-07-16 15:28:10 Info AppSvrOperator::OnExecute :: Command 0 sent to server.

2020-07-16 15:28:10 Info AppSvrOperator::OnPackage :: Command 0 received from server.

2020-07-16 15:28:10 Info AppSvrOperator::OnPackage :: Command 0 returned from server.

2020-07-16 15:28:10 Info AppSvrOperator::SynExecute :: Command 0 executed.

2020-07-16 15:28:15 Info AppSvrOperator::OnPackage :: Command 11 received from server.

2020-07-16 15:28:15 Info AppSvrOperator::OnPackage :: Message -2147482880 send from server.

2020-07-16 15:28:20 Info AppSvrOperator::OnPackage :: Command 11 received from server.

2020-07-16 15:28:20 Info AppSvrOperator::OnPackage :: Message -2147482880 send from server.

2020-07-16 15:28:21 Info AppSvrOperator::SynExecute :: Executing command 0 ...

2020-07-16 15:28:21 Info AppSvrOperator::OnExecute :: Command 0 sent to server.

2020-07-16 15:28:21 Info AppSvrOperator::OnPackage :: Command 0 received from server.

2020-07-16 15:28:21 Info AppSvrOperator::OnPackage :: Command 0 returned from server.

2020-07-16 15:28:21 Info AppSvrOperator::SynExecute :: Command 0 executed.

2020-07-16 15:28:25 Info AppSvrOperator::OnPackage :: Command 11 received from server.

2020-07-16 15:28:25 Info AppSvrOperator::OnPackage :: Message -2147482880 send from server.

2020-07-16 15:28:27 Info AppSvrOperator::OnPackage :: Command 11 received from server.

2020-07-16 15:28:27 Info AppSvrOperator::OnPackage :: Message -2147482880 send from server.

2020-07-16 15:28:30 Info AppSvrOperator::OnPackage :: Command 11 received from server.

2020-07-16 15:28:30 Info AppSvrOperator::OnPackage :: Message -2147482880 send from server.

2020-07-16 15:28:32 Info AppSvrOperator::OnPackage :: Command 11 received from server.

2020-07-16 15:28:32 Info AppSvrOperator::OnPackage :: Message -2147482880 send from server.

2020-07-16 15:28:32 Info AppSvrOperator::OnPackage :: Command 11 received from server.

2020-07-16 15:28:32 Info AppSvrOperator::OnPackage :: Message -2147482880 send from server.

2020-07-16 15:28:32 Info AppSvrOperator::SynExecute :: Executing command 0 ...

2020-07-16 15:28:32 Info AppSvrOperator::OnExecute :: Command 0 sent to server.

2020-07-16 15:28:32 Info AppSvrOperator::OnPackage :: Command 0 received from server.

2020-07-16 15:28:32 Info AppSvrOperator::OnPackage :: Command 0 returned from server.

2020-07-16 15:28:32 Info AppSvrOperator::SynExecute :: Command 0 executed.

2020-07-16 15:28:35 Info AppSvrOperator::OnPackage :: Command 11 received from server.

2020-07-16 15:28:35 Info AppSvrOperator::OnPackage :: Message -2147482880 send from server.

2020-07-16 15:28:38 Info AppSvrOperator::OnPackage :: Command 11 received from server.

2020-07-16 15:28:38 Info AppSvrOperator::OnPackage :: Message -2147482880 send from server.

2020-07-16 15:28:38 Info AppSvrOperator::OnPackage :: Command 11 received from server.

2020-07-16 15:28:38 Info AppSvrOperator::OnPackage :: Message -2147482880 send from server.

2020-07-16 15:28:40 Info AppSvrOperator::OnPackage :: Command 11 received from server.

2020-07-16 15:28:40 Info AppSvrOperator::OnPackage :: Message -2147482880 send from server.

2020-07-16 15:28:43 Info AppSvrOperator::SynExecute :: Executing command 0 ...

2020-07-16 15:28:43 Info AppSvrOperator::OnExecute :: Command 0 sent to server.

2020-07-16 15:28:43 Info AppSvrOperator::OnPackage :: Command 0 received from server.

2020-07-16 15:28:43 Info AppSvrOperator::OnPackage :: Command 0 returned from server.

2020-07-16 15:28:43 Info AppSvrOperator::SynExecute :: Command 0 executed.

2020-07-16 15:28:45 Info AppSvrOperator::OnPackage :: Command 11 received from server.

2020-07-16 15:28:45 Info AppSvrOperator::OnPackage :: Message -2147482880 send from server.

2020-07-16 15:28:50 Info AppSvrOperator::OnPackage :: Command 11 received from server.

2020-07-16 15:28:50 Info AppSvrOperator::OnPackage :: Message -2147482880 send from server.

2020-07-16 15:28:54 Info AppSvrOperator::SynExecute :: Executing command 0 ...

2020-07-16 15:28:54 Info AppSvrOperator::OnExecute :: Command 0 sent to server.

2020-07-16 15:28:54 Info AppSvrOperator::OnPackage :: Command 0 received from server.

2020-07-16 15:28:54 Info AppSvrOperator::OnPackage :: Command 0 returned from server.

2020-07-16 15:28:54 Info AppSvrOperator::SynExecute :: Command 0 executed.

2020-07-16 15:28:55 Info AppSvrOperator::OnPackage :: Command 11 received from server.

2020-07-16 15:28:55 Info AppSvrOperator::OnPackage :: Message -2147482880 send from server.

2020-07-16 15:29:00 Info AppSvrOperator::OnPackage :: Command 11 received from server.

2020-07-16 15:29:00 Info AppSvrOperator::OnPackage :: Message -2147482880 send from server.

2020-07-16 15:29:05 Info AppSvrOperator::OnPackage :: Command 11 received from server.

2020-07-16 15:29:05 Info AppSvrOperator::OnPackage :: Message -2147482880 send from server.

2020-07-16 15:29:05 Info AppSvrOperator::OnPackage :: Command 11 received from server.

2020-07-16 15:29:05 Info AppSvrOperator::OnPackage :: Message -2147482880 send from server.

2020-07-16 15:29:05 Info AppSvrOperator::OnPackage :: Command 11 received from server.

2020-07-16 15:29:05 Info AppSvrOperator::OnPackage :: Message -2147482880 send from server.

2020-07-16 15:29:05 Info AppSvrOperator::OnPackage :: Command 11 received from server.

2020-07-16 15:29:05 Info AppSvrOperator::OnPackage :: Message -2147482880 send from server.

2020-07-16 15:29:05 Info AppSvrOperator::OnPackage :: Command 11 received from server.

2020-07-16 15:29:05 Info AppSvrOperator::OnPackage :: Message -2147482880 send from server.

2020-07-16 15:29:05 Info AppSvrOperator::OnPackage :: Command 11 received from server.

2020-07-16 15:29:05 Info AppSvrOperator::OnPackage :: Message -2147482880 send from server.

2020-07-16 15:29:05 Info AppSvrOperator::OnPackage :: Command 11 received from server.

2020-07-16 15:29:05 Info AppSvrOperator::OnPackage :: Message -2147482880 send from server.

2020-07-16 15:29:05 Info AppSvrOperator::OnPackage :: Command 11 received from server.

2020-07-16 15:29:05 Info AppSvrOperator::OnPackage :: Message -2147482880 send from server.

2020-07-16 15:29:05 Info AppSvrOperator::OnPackage :: Command 11 received from server.

2020-07-16 15:29:05 Info AppSvrOperator::OnPackage :: Message -2147482880 send from server.

2020-07-16 15:29:05 Info AppSvrOperator::OnPackage :: Command 11 received from server.

2020-07-16 15:29:05 Info AppSvrOperator::OnPackage :: Message -2147482880 send from server.

2020-07-16 15:29:05 Info AppSvrOperator::OnPackage :: Command 11 received from server.

2020-07-16 15:29:05 Info AppSvrOperator::OnPackage :: Message -2147482880 send from server.

2020-07-16 15:29:05 Info AppSvrOperator::SynExecute :: Executing command 14 ...

2020-07-16 15:29:05 Info AppSvrOperator::OnExecute :: Command 14 sent to server.

2020-07-16 15:29:05 Info AppSvrOperator::OnPackage :: Command 11 received from server.

2020-07-16 15:29:05 Info AppSvrOperator::OnPackage :: Message -2147482880 send from server.

2020-07-16 15:29:05 Info AppSvrOperator::OnPackage :: Command 11 received from server.

2020-07-16 15:29:05 Info AppSvrOperator::OnPackage :: Message -2147482880 send from server.

2020-07-16 15:29:05 Info AppSvrOperator::OnPackage :: Command 11 received from server.

2020-07-16 15:29:05 Info AppSvrOperator::OnPackage :: Message -2147482880 send from server.

2020-07-16 15:29:05 Info AppSvrOperator::OnPackage :: Command 11 received from server.

2020-07-16 15:29:05 Info AppSvrOperator::OnPackage :: Message -2147482880 send from server.

2020-07-16 15:29:05 Info AppSvrOperator::OnPackage :: Command 14 received from server.

2020-07-16 15:29:05 Info AppSvrOperator::OnPackage :: Command 14 returned from server.

2020-07-16 15:29:05 Info AppSvrOperator::SynExecute :: Command 14 executed.

2020-07-16 15:29:05 Info AppSvrOperator::SynExecute :: Executing command 0 ...

2020-07-16 15:29:05 Info AppSvrOperator::OnExecute :: Command 0 sent to server.

2020-07-16 15:29:06 Info AppSvrOperator::OnPackage :: Command 0 received from server.

2020-07-16 15:29:06 Info AppSvrOperator::OnPackage :: Command 0 returned from server.

2020-07-16 15:29:06 Info AppSvrOperator::SynExecute :: Command 0 executed.

2020-07-16 15:29:07 Info AppSvrOperator::SynExecute :: Executing command 14 ...

2020-07-16 15:29:07 Info AppSvrOperator::OnExecute :: Command 14 sent to server.

2020-07-16 15:29:07 Info AppSvrOperator::OnPackage :: Command 14 received from server.

2020-07-16 15:29:07 Info AppSvrOperator::OnPackage :: Command 14 returned from server.

2020-07-16 15:29:07 Info AppSvrOperator::SynExecute :: Command 14 executed.

2020-07-16 15:29:09 Info AppSvrOperator::OnPackage :: Command 11 received from server.

2020-07-16 15:29:09 Info AppSvrOperator::OnPackage :: Message -2147482880 send from server.

2020-07-16 15:29:09 Info AppSvrOperator::OnPackage :: Command 11 received from server.

2020-07-16 15:29:09 Info AppSvrOperator::OnPackage :: Message -2147482880 send from server.

2020-07-16 15:29:10 Info AppSvrOperator::OnPackage :: Command 11 received from server.

2020-07-16 15:29:10 Info AppSvrOperator::OnPackage :: Message -2147482880 send from server.

2020-07-16 15:29:15 Info AppSvrOperator::OnPackage :: Command 11 received from server.

2020-07-16 15:29:15 Info AppSvrOperator::OnPackage :: Message -2147482880 send from server.

2020-07-16 15:29:16 Info AppSvrOperator::SynExecute :: Executing command 0 ...

2020-07-16 15:29:16 Info AppSvrOperator::OnExecute :: Command 0 sent to server.

2020-07-16 15:29:16 Info AppSvrOperator::OnPackage :: Command 0 received from server.

2020-07-16 15:29:16 Info AppSvrOperator::OnPackage :: Command 0 returned from server.

2020-07-16 15:29:16 Info AppSvrOperator::SynExecute :: Command 0 executed.

2020-07-16 15:29:20 Info AppSvrOperator::OnPackage :: Command 11 received from server.

2020-07-16 15:29:20 Info AppSvrOperator::OnPackage :: Message -2147482880 send from server.

2020-07-16 15:29:25 Info AppSvrOperator::OnPackage :: Command 11 received from server.

2020-07-16 15:29:25 Info AppSvrOperator::OnPackage :: Message -2147482880 send from server.

2020-07-16 15:29:27 Info AppSvrOperator::SynExecute :: Executing command 0 ...

2020-07-16 15:29:27 Info AppSvrOperator::OnExecute :: Command 0 sent to server.

2020-07-16 15:29:27 Info AppSvrOperator::OnPackage :: Command 0 received from server.

2020-07-16 15:29:27 Info AppSvrOperator::OnPackage :: Command 0 returned from server.

2020-07-16 15:29:27 Info AppSvrOperator::SynExecute :: Command 0 executed.

2020-07-16 15:29:30 Info AppSvrOperator::OnPackage :: Command 11 received from server.

2020-07-16 15:29:30 Info AppSvrOperator::OnPackage :: Message -2147482880 send from server.

2020-07-16 15:29:35 Info AppSvrOperator::OnPackage :: Command 11 received from server.

2020-07-16 15:29:35 Info AppSvrOperator::OnPackage :: Message -2147482880 send from server.

2020-07-16 15:29:38 Info AppSvrOperator::SynExecute :: Executing command 0 ...

2020-07-16 15:29:38 Info AppSvrOperator::OnExecute :: Command 0 sent to server.

2020-07-16 15:29:38 Info AppSvrOperator::OnPackage :: Command 0 received from server.

2020-07-16 15:29:38 Info AppSvrOperator::OnPackage :: Command 0 returned from server.

2020-07-16 15:29:38 Info AppSvrOperator::SynExecute :: Command 0 executed.

2020-07-16 15:29:40 Info AppSvrOperator::OnPackage :: Command 11 received from server.

2020-07-16 15:29:40 Info AppSvrOperator::OnPackage :: Message -2147482880 send from server.

2020-07-16 15:29:41 Info AppSvrOperator::SynExecute :: Executing command 12 ...

2020-07-16 15:29:41 Info AppSvrOperator::OnExecute :: Command 12 sent to server.

2020-07-16 15:29:41 Info AppSvrOperator::OnPackage :: Command 12 received from server.

2020-07-16 15:29:41 Info AppSvrOperator::OnPackage :: Command 12 returned from server.

2020-07-16 15:29:41 Info AppSvrOperator::SynExecute :: Command 12 executed.

2020-07-16 15:29:41 Info AppSvrOperator::SynExecute :: Executing command 3 ...

2020-07-16 15:29:41 Info AppSvrOperator::OnExecute :: Command 3 sent to server.

2020-07-16 15:29:41 Info AppSvrOperator::OnPackage :: Command 3 received from server.

2020-07-16 15:29:41 Info AppSvrOperator::OnPackage :: Command 3 returned from server.

2020-07-16 15:29:41 Info AppSvrOperator::SynExecute :: Command 3 executed.

2020-07-16 15:29:41 Info AppSvrOperator::SynExecute :: Executing command 12 ...

2020-07-16 15:29:41 Info AppSvrOperator::OnExecute :: Command 12 sent to server.

2020-07-16 15:29:41 Info AppSvrOperator::OnPackage :: Command 12 received from server.

2020-07-16 15:29:41 Info AppSvrOperator::OnPackage :: Command 12 returned from server.

2020-07-16 15:29:41 Info AppSvrOperator::SynExecute :: Command 12 executed.

2020-07-16 15:29:41 Info AppSvrOperator::SynExecute :: Executing command 3 ...

2020-07-16 15:29:41 Info AppSvrOperator::OnExecute :: Command 3 sent to server.

2020-07-16 15:29:41 Info AppSvrOperator::OnPackage :: Command 3 received from server.

2020-07-16 15:29:41 Info AppSvrOperator::OnPackage :: Command 3 returned from server.

2020-07-16 15:29:41 Info AppSvrOperator::SynExecute :: Command 3 executed.

2020-07-16 15:29:41 Info AppSvrOperator::SynExecute :: Executing command 12 ...

2020-07-16 15:29:41 Info AppSvrOperator::OnExecute :: Command 12 sent to server.

2020-07-16 15:29:41 Info AppSvrOperator::OnPackage :: Command 12 received from server.

2020-07-16 15:29:41 Info AppSvrOperator::OnPackage :: Command 12 returned from server.

2020-07-16 15:29:41 Info AppSvrOperator::SynExecute :: Command 12 executed.

2020-07-16 15:29:41 Info AppSvrOperator::SynExecute :: Executing command 3 ...

2020-07-16 15:29:41 Info AppSvrOperator::OnExecute :: Command 3 sent to server.

2020-07-16 15:29:41 Info AppSvrOperator::OnPackage :: Command 3 received from server.

2020-07-16 15:29:41 Info AppSvrOperator::OnPackage :: Command 3 returned from server.

2020-07-16 15:29:41 Info AppSvrOperator::SynExecute :: Command 3 executed.

2020-07-16 15:29:41 Info AppSvrOperator::SynExecute :: Executing command 12 ...

2020-07-16 15:29:41 Info AppSvrOperator::OnExecute :: Command 12 sent to server.

2020-07-16 15:29:41 Info AppSvrOperator::OnPackage :: Command 12 received from server.

2020-07-16 15:29:41 Info AppSvrOperator::OnPackage :: Command 12 returned from server.

2020-07-16 15:29:41 Info AppSvrOperator::SynExecute :: Command 12 executed.

2020-07-16 15:29:41 Info AppSvrOperator::SynExecute :: Executing command 3 ...

2020-07-16 15:29:41 Info AppSvrOperator::OnExecute :: Command 3 sent to server.

2020-07-16 15:29:41 Info AppSvrOperator::OnPackage :: Command 3 received from server.

2020-07-16 15:29:41 Info AppSvrOperator::OnPackage :: Command 3 returned from server.

2020-07-16 15:29:41 Info AppSvrOperator::SynExecute :: Command 3 executed.

2020-07-16 15:29:41 Info AppSvrOperator::SynExecute :: Executing command 12 ...

2020-07-16 15:29:41 Info AppSvrOperator::OnExecute :: Command 12 sent to server.

2020-07-16 15:29:41 Info AppSvrOperator::OnPackage :: Command 12 received from server.

2020-07-16 15:29:41 Info AppSvrOperator::OnPackage :: Command 12 returned from server.

2020-07-16 15:29:41 Info AppSvrOperator::SynExecute :: Command 12 executed.

2020-07-16 15:29:41 Info AppSvrOperator::SynExecute :: Executing command 3 ...

2020-07-16 15:29:41 Info AppSvrOperator::OnExecute :: Command 3 sent to server.

2020-07-16 15:29:41 Info AppSvrOperator::OnPackage :: Command 3 received from server.

2020-07-16 15:29:41 Info AppSvrOperator::OnPackage :: Command 3 returned from server.

2020-07-16 15:29:41 Info AppSvrOperator::SynExecute :: Command 3 executed.

2020-07-16 15:29:41 Info AppSvrOperator::SynExecute :: Executing command 12 ...

2020-07-16 15:29:41 Info AppSvrOperator::OnExecute :: Command 12 sent to server.

2020-07-16 15:29:41 Info AppSvrOperator::OnPackage :: Command 12 received from server.

2020-07-16 15:29:41 Info AppSvrOperator::OnPackage :: Command 12 returned from server.

2020-07-16 15:29:41 Info AppSvrOperator::SynExecute :: Command 12 executed.

2020-07-16 15:29:41 Info AppSvrOperator::SynExecute :: Executing command 3 ...

2020-07-16 15:29:41 Info AppSvrOperator::OnExecute :: Command 3 sent to server.

2020-07-16 15:29:41 Info AppSvrOperator::OnPackage :: Command 3 received from server.

2020-07-16 15:29:41 Info AppSvrOperator::OnPackage :: Command 3 returned from server.

2020-07-16 15:29:41 Info AppSvrOperator::SynExecute :: Command 3 executed.

2020-07-16 15:29:41 Info AppSvrOperator::SynExecute :: Executing command 12 ...

2020-07-16 15:29:41 Info AppSvrOperator::OnExecute :: Command 12 sent to server.

2020-07-16 15:29:41 Info AppSvrOperator::OnPackage :: Command 12 received from server.

2020-07-16 15:29:41 Info AppSvrOperator::OnPackage :: Command 12 returned from server.

2020-07-16 15:29:41 Info AppSvrOperator::SynExecute :: Command 12 executed.

2020-07-16 15:29:41 Info AppSvrOperator::SynExecute :: Executing command 3 ...

2020-07-16 15:29:41 Info AppSvrOperator::OnExecute :: Command 3 sent to server.

2020-07-16 15:29:41 Info AppSvrOperator::OnPackage :: Command 3 received from server.

2020-07-16 15:29:41 Info AppSvrOperator::OnPackage :: Command 3 returned from server.

2020-07-16 15:29:41 Info AppSvrOperator::SynExecute :: Command 3 executed.

2020-07-16 15:29:41 Info AppSvrOperator::SynExecute :: Executing command 12 ...

2020-07-16 15:29:41 Info AppSvrOperator::OnExecute :: Command 12 sent to server.

2020-07-16 15:29:41 Info AppSvrOperator::OnPackage :: Command 12 received from server.

2020-07-16 15:29:41 Info AppSvrOperator::OnPackage :: Command 12 returned from server.

2020-07-16 15:29:41 Info AppSvrOperator::SynExecute :: Command 12 executed.

2020-07-16 15:29:41 Info AppSvrOperator::SynExecute :: Executing command 3 ...

2020-07-16 15:29:41 Info AppSvrOperator::OnExecute :: Command 3 sent to server.

2020-07-16 15:29:41 Info AppSvrOperator::OnPackage :: Command 3 received from server.

2020-07-16 15:29:41 Info AppSvrOperator::OnPackage :: Command 3 returned from server.

2020-07-16 15:29:41 Info AppSvrOperator::SynExecute :: Command 3 executed.

2020-07-16 15:29:41 Info AppSvrOperator::SynExecute :: Executing command 14 ...

2020-07-16 15:29:41 Info AppSvrOperator::OnExecute :: Command 14 sent to server.

2020-07-16 15:29:41 Info AppSvrOperator::OnPackage :: Command 14 received from server.

2020-07-16 15:29:41 Info AppSvrOperator::OnPackage :: Command 14 returned from server.

2020-07-16 15:29:41 Info AppSvrOperator::SynExecute :: Command 14 executed.

2020-07-16 15:29:41 Info AppSvrOperator::SynExecute :: Executing command 12 ...

2020-07-16 15:29:41 Info AppSvrOperator::OnExecute :: Command 12 sent to server.

2020-07-16 15:29:41 Info AppSvrOperator::OnPackage :: Command 12 received from server.

2020-07-16 15:29:41 Info AppSvrOperator::OnPackage :: Command 12 returned from server.

2020-07-16 15:29:41 Info AppSvrOperator::SynExecute :: Command 12 executed.

2020-07-16 15:29:41 Info AppSvrOperator::SynExecute :: Executing command 3 ...

2020-07-16 15:29:41 Info AppSvrOperator::OnExecute :: Command 3 sent to server.

2020-07-16 15:29:41 Info AppSvrOperator::OnPackage :: Command 3 received from server.

2020-07-16 15:29:41 Info AppSvrOperator::OnPackage :: Command 3 returned from server.

2020-07-16 15:29:41 Info AppSvrOperator::SynExecute :: Command 3 executed.

2020-07-16 15:29:41 Info AppSvrOperator::SynExecute :: Executing command 12 ...

2020-07-16 15:29:41 Info AppSvrOperator::OnExecute :: Command 12 sent to server.

2020-07-16 15:29:41 Info AppSvrOperator::OnPackage :: Command 12 received from server.

2020-07-16 15:29:41 Info AppSvrOperator::OnPackage :: Command 12 returned from server.

2020-07-16 15:29:41 Info AppSvrOperator::SynExecute :: Command 12 executed.

2020-07-16 15:29:41 Info AppSvrOperator::SynExecute :: Executing command 3 ...

2020-07-16 15:29:41 Info AppSvrOperator::OnExecute :: Command 3 sent to server.

2020-07-16 15:29:41 Info AppSvrOperator::OnPackage :: Command 3 received from server.

2020-07-16 15:29:41 Info AppSvrOperator::OnPackage :: Command 3 returned from server.

2020-07-16 15:29:41 Info AppSvrOperator::SynExecute :: Command 3 executed.

2020-07-16 15:29:41 Info AppSvrOperator::SynExecute :: Executing command 12 ...

2020-07-16 15:29:41 Info AppSvrOperator::OnExecute :: Command 12 sent to server.

2020-07-16 15:29:41 Info AppSvrOperator::OnPackage :: Command 12 received from server.

2020-07-16 15:29:41 Info AppSvrOperator::OnPackage :: Command 12 returned from server.

2020-07-16 15:29:41 Info AppSvrOperator::SynExecute :: Command 12 executed.

2020-07-16 15:29:41 Info AppSvrOperator::SynExecute :: Executing command 3 ...

2020-07-16 15:29:41 Info AppSvrOperator::OnExecute :: Command 3 sent to server.

2020-07-16 15:29:41 Info AppSvrOperator::OnPackage :: Command 3 received from server.

2020-07-16 15:29:41 Info AppSvrOperator::OnPackage :: Command 3 returned from server.

2020-07-16 15:29:41 Info AppSvrOperator::SynExecute :: Command 3 executed.

2020-07-16 15:29:41 Info AppSvrOperator::SynExecute :: Executing command 12 ...

2020-07-16 15:29:41 Info AppSvrOperator::OnExecute :: Command 12 sent to server.

2020-07-16 15:29:41 Info AppSvrOperator::OnPackage :: Command 12 received from server.

2020-07-16 15:29:41 Info AppSvrOperator::OnPackage :: Command 12 returned from server.

2020-07-16 15:29:41 Info AppSvrOperator::SynExecute :: Command 12 executed.

2020-07-16 15:29:41 Info AppSvrOperator::SynExecute :: Executing command 3 ...

2020-07-16 15:29:41 Info AppSvrOperator::OnExecute :: Command 3 sent to server.

2020-07-16 15:29:41 Info AppSvrOperator::OnPackage :: Command 3 received from server.

2020-07-16 15:29:41 Info AppSvrOperator::OnPackage :: Command 3 returned from server.

2020-07-16 15:29:41 Info AppSvrOperator::SynExecute :: Command 3 executed.

2020-07-16 15:29:41 Info AppSvrOperator::SynExecute :: Executing command 14 ...

2020-07-16 15:29:41 Info AppSvrOperator::OnExecute :: Command 14 sent to server.

2020-07-16 15:29:41 Info AppSvrOperator::OnPackage :: Command 14 received from server.

2020-07-16 15:29:41 Info AppSvrOperator::OnPackage :: Command 14 returned from server.

2020-07-16 15:29:41 Info AppSvrOperator::SynExecute :: Command 14 executed.

2020-07-16 15:29:41 Info AppSvrOperator::SynExecute :: Executing command 12 ...

2020-07-16 15:29:41 Info AppSvrOperator::OnExecute :: Command 12 sent to server.

2020-07-16 15:29:41 Info AppSvrOperator::OnPackage :: Command 12 received from server.

2020-07-16 15:29:41 Info AppSvrOperator::OnPackage :: Command 12 returned from server.

2020-07-16 15:29:41 Info AppSvrOperator::SynExecute :: Command 12 executed.

2020-07-16 15:29:41 Info AppSvrOperator::SynExecute :: Executing command 3 ...

2020-07-16 15:29:41 Info AppSvrOperator::OnExecute :: Command 3 sent to server.

2020-07-16 15:29:41 Info AppSvrOperator::OnPackage :: Command 3 received from server.

2020-07-16 15:29:41 Info AppSvrOperator::OnPackage :: Command 3 returned from server.

2020-07-16 15:29:41 Info AppSvrOperator::SynExecute :: Command 3 executed.

2020-07-16 15:29:41 Info AppSvrOperator::SynExecute :: Executing command 12 ...

2020-07-16 15:29:41 Info AppSvrOperator::OnExecute :: Command 12 sent to server.

2020-07-16 15:29:41 Info AppSvrOperator::OnPackage :: Command 12 received from server.

2020-07-16 15:29:41 Info AppSvrOperator::OnPackage :: Command 12 returned from server.

2020-07-16 15:29:41 Info AppSvrOperator::SynExecute :: Command 12 executed.

2020-07-16 15:29:41 Info AppSvrOperator::SynExecute :: Executing command 3 ...

2020-07-16 15:29:41 Info AppSvrOperator::OnExecute :: Command 3 sent to server.

2020-07-16 15:29:41 Info AppSvrOperator::OnPackage :: Command 3 received from server.

2020-07-16 15:29:41 Info AppSvrOperator::OnPackage :: Command 3 returned from server.

2020-07-16 15:29:41 Info AppSvrOperator::SynExecute :: Command 3 executed.

2020-07-16 15:29:41 Info AppSvrOperator::SynExecute :: Executing command 12 ...

2020-07-16 15:29:41 Info AppSvrOperator::OnExecute :: Command 12 sent to server.

2020-07-16 15:29:41 Info AppSvrOperator::OnPackage :: Command 12 received from server.

2020-07-16 15:29:41 Info AppSvrOperator::OnPackage :: Command 12 returned from server.

2020-07-16 15:29:41 Info AppSvrOperator::SynExecute :: Command 12 executed.

2020-07-16 15:29:41 Info AppSvrOperator::SynExecute :: Executing command 3 ...

2020-07-16 15:29:41 Info AppSvrOperator::OnExecute :: Command 3 sent to server.

2020-07-16 15:29:41 Info AppSvrOperator::OnPackage :: Command 3 received from server.

2020-07-16 15:29:41 Info AppSvrOperator::OnPackage :: Command 3 returned from server.

2020-07-16 15:29:41 Info AppSvrOperator::SynExecute :: Command 3 executed.

2020-07-16 15:29:41 Info AppSvrOperator::SynExecute :: Executing command 12 ...

2020-07-16 15:29:41 Info AppSvrOperator::OnExecute :: Command 12 sent to server.

2020-07-16 15:29:41 Info AppSvrOperator::OnPackage :: Command 12 received from server.

2020-07-16 15:29:41 Info AppSvrOperator::OnPackage :: Command 12 returned from server.

2020-07-16 15:29:41 Info AppSvrOperator::SynExecute :: Command 12 executed.

2020-07-16 15:29:41 Info AppSvrOperator::SynExecute :: Executing command 3 ...

2020-07-16 15:29:41 Info AppSvrOperator::OnExecute :: Command 3 sent to server.

2020-07-16 15:29:41 Info AppSvrOperator::OnPackage :: Command 3 received from server.

2020-07-16 15:29:41 Info AppSvrOperator::OnPackage :: Command 3 returned from server.

2020-07-16 15:29:41 Info AppSvrOperator::SynExecute :: Command 3 executed.

2020-07-16 15:29:41 Info AppSvrOperator::SynExecute :: Executing command 14 ...

2020-07-16 15:29:41 Info AppSvrOperator::OnExecute :: Command 14 sent to server.

2020-07-16 15:29:41 Info AppSvrOperator::OnPackage :: Command 14 received from server.

2020-07-16 15:29:41 Info AppSvrOperator::OnPackage :: Command 14 returned from server.

2020-07-16 15:29:41 Info AppSvrOperator::SynExecute :: Command 14 executed.

2020-07-16 15:29:41 Info AppSvrOperator::SynExecute :: Executing command 12 ...

2020-07-16 15:29:41 Info AppSvrOperator::OnExecute :: Command 12 sent to server.

2020-07-16 15:29:41 Info AppSvrOperator::OnPackage :: Command 12 received from server.

2020-07-16 15:29:41 Info AppSvrOperator::OnPackage :: Command 12 returned from server.

2020-07-16 15:29:41 Info AppSvrOperator::SynExecute :: Command 12 executed.

2020-07-16 15:29:41 Info AppSvrOperator::SynExecute :: Executing command 3 ...

2020-07-16 15:29:41 Info AppSvrOperator::OnExecute :: Command 3 sent to server.

2020-07-16 15:29:42 Info AppSvrOperator::OnPackage :: Command 3 received from server.

2020-07-16 15:29:42 Info AppSvrOperator::OnPackage :: Command 3 returned from server.

2020-07-16 15:29:42 Info AppSvrOperator::SynExecute :: Command 3 executed.

2020-07-16 15:29:42 Info AppSvrOperator::SynExecute :: Executing command 12 ...

2020-07-16 15:29:42 Info AppSvrOperator::OnExecute :: Command 12 sent to server.

2020-07-16 15:29:42 Info AppSvrOperator::OnPackage :: Command 12 received from server.

2020-07-16 15:29:42 Info AppSvrOperator::OnPackage :: Command 12 returned from server.

2020-07-16 15:29:42 Info AppSvrOperator::SynExecute :: Command 12 executed.

2020-07-16 15:29:42 Info AppSvrOperator::SynExecute :: Executing command 3 ...

2020-07-16 15:29:42 Info AppSvrOperator::OnExecute :: Command 3 sent to server.

2020-07-16 15:29:42 Info AppSvrOperator::OnPackage :: Command 3 received from server.

2020-07-16 15:29:42 Info AppSvrOperator::OnPackage :: Command 3 returned from server.

2020-07-16 15:29:42 Info AppSvrOperator::SynExecute :: Command 3 executed.

2020-07-16 15:29:42 Info AppSvrOperator::SynExecute :: Executing command 12 ...

2020-07-16 15:29:42 Info AppSvrOperator::OnExecute :: Command 12 sent to server.

2020-07-16 15:29:42 Info AppSvrOperator::OnPackage :: Command 12 received from server.

2020-07-16 15:29:42 Info AppSvrOperator::OnPackage :: Command 12 returned from server.

2020-07-16 15:29:42 Info AppSvrOperator::SynExecute :: Command 12 executed.

2020-07-16 15:29:42 Info AppSvrOperator::SynExecute :: Executing command 3 ...

2020-07-16 15:29:42 Info AppSvrOperator::OnExecute :: Command 3 sent to server.

2020-07-16 15:29:42 Info AppSvrOperator::OnPackage :: Command 3 received from server.

2020-07-16 15:29:42 Info AppSvrOperator::OnPackage :: Command 3 returned from server.

2020-07-16 15:29:42 Info AppSvrOperator::SynExecute :: Command 3 executed.

2020-07-16 15:29:42 Info AppSvrOperator::SynExecute :: Executing command 12 ...

2020-07-16 15:29:42 Info AppSvrOperator::OnExecute :: Command 12 sent to server.

2020-07-16 15:29:42 Info AppSvrOperator::OnPackage :: Command 12 received from server.

2020-07-16 15:29:42 Info AppSvrOperator::OnPackage :: Command 12 returned from server.

2020-07-16 15:29:42 Info AppSvrOperator::SynExecute :: Command 12 executed.

2020-07-16 15:29:42 Info AppSvrOperator::SynExecute :: Executing command 3 ...

2020-07-16 15:29:42 Info AppSvrOperator::OnExecute :: Command 3 sent to server.

2020-07-16 15:29:42 Info AppSvrOperator::OnPackage :: Command 3 received from server.

2020-07-16 15:29:42 Info AppSvrOperator::OnPackage :: Command 3 returned from server.

2020-07-16 15:29:42 Info AppSvrOperator::SynExecute :: Command 3 executed.

2020-07-16 15:29:42 Info AppSvrOperator::SynExecute :: Executing command 14 ...

2020-07-16 15:29:42 Info AppSvrOperator::OnExecute :: Command 14 sent to server.

2020-07-16 15:29:42 Info AppSvrOperator::OnPackage :: Command 14 received from server.

2020-07-16 15:29:42 Info AppSvrOperator::OnPackage :: Command 14 returned from server.

2020-07-16 15:29:42 Info AppSvrOperator::SynExecute :: Command 14 executed.

2020-07-16 15:29:42 Info AppSvrOperator::SynExecute :: Executing command 12 ...

2020-07-16 15:29:42 Info AppSvrOperator::OnExecute :: Command 12 sent to server.

2020-07-16 15:29:42 Info AppSvrOperator::OnPackage :: Command 12 received from server.

2020-07-16 15:29:42 Info AppSvrOperator::OnPackage :: Command 12 returned from server.

2020-07-16 15:29:42 Info AppSvrOperator::SynExecute :: Command 12 executed.

2020-07-16 15:29:42 Info AppSvrOperator::SynExecute :: Executing command 3 ...

2020-07-16 15:29:42 Info AppSvrOperator::OnExecute :: Command 3 sent to server.

2020-07-16 15:29:42 Info AppSvrOperator::OnPackage :: Command 3 received from server.

2020-07-16 15:29:42 Info AppSvrOperator::OnPackage :: Command 3 returned from server.

2020-07-16 15:29:42 Info AppSvrOperator::SynExecute :: Command 3 executed.

2020-07-16 15:29:42 Info AppSvrOperator::SynExecute :: Executing command 12 ...

2020-07-16 15:29:42 Info AppSvrOperator::OnExecute :: Command 12 sent to server.

2020-07-16 15:29:42 Info AppSvrOperator::OnPackage :: Command 12 received from server.

2020-07-16 15:29:42 Info AppSvrOperator::OnPackage :: Command 12 returned from server.

2020-07-16 15:29:42 Info AppSvrOperator::SynExecute :: Command 12 executed.

2020-07-16 15:29:42 Info AppSvrOperator::SynExecute :: Executing command 3 ...

2020-07-16 15:29:42 Info AppSvrOperator::OnExecute :: Command 3 sent to server.

2020-07-16 15:29:42 Info AppSvrOperator::OnPackage :: Command 3 received from server.

2020-07-16 15:29:42 Info AppSvrOperator::OnPackage :: Command 3 returned from server.

2020-07-16 15:29:42 Info AppSvrOperator::SynExecute :: Command 3 executed.

2020-07-16 15:29:42 Info AppSvrOperator::SynExecute :: Executing command 12 ...

2020-07-16 15:29:42 Info AppSvrOperator::OnExecute :: Command 12 sent to server.

2020-07-16 15:29:42 Info AppSvrOperator::OnPackage :: Command 12 received from server.

2020-07-16 15:29:42 Info AppSvrOperator::OnPackage :: Command 12 returned from server.

2020-07-16 15:29:42 Info AppSvrOperator::SynExecute :: Command 12 executed.

2020-07-16 15:29:42 Info AppSvrOperator::SynExecute :: Executing command 3 ...

2020-07-16 15:29:42 Info AppSvrOperator::OnExecute :: Command 3 sent to server.

2020-07-16 15:29:42 Info AppSvrOperator::OnPackage :: Command 3 received from server.

2020-07-16 15:29:42 Info AppSvrOperator::OnPackage :: Command 3 returned from server.

2020-07-16 15:29:42 Info AppSvrOperator::SynExecute :: Command 3 executed.

2020-07-16 15:29:42 Info AppSvrOperator::SynExecute :: Executing command 12 ...

2020-07-16 15:29:42 Info AppSvrOperator::OnExecute :: Command 12 sent to server.

2020-07-16 15:29:42 Info AppSvrOperator::OnPackage :: Command 12 received from server.

2020-07-16 15:29:42 Info AppSvrOperator::OnPackage :: Command 12 returned from server.

2020-07-16 15:29:42 Info AppSvrOperator::SynExecute :: Command 12 executed.

2020-07-16 15:29:42 Info AppSvrOperator::SynExecute :: Executing command 3 ...

2020-07-16 15:29:42 Info AppSvrOperator::OnExecute :: Command 3 sent to server.

2020-07-16 15:29:42 Info AppSvrOperator::OnPackage :: Command 3 received from server.

2020-07-16 15:29:42 Info AppSvrOperator::OnPackage :: Command 3 returned from server.

2020-07-16 15:29:42 Info AppSvrOperator::SynExecute :: Command 3 executed.

2020-07-16 15:29:42 Info AppSvrOperator::SynExecute :: Executing command 14 ...

2020-07-16 15:29:42 Info AppSvrOperator::OnExecute :: Command 14 sent to server.

2020-07-16 15:29:42 Info AppSvrOperator::OnPackage :: Command 14 received from server.

2020-07-16 15:29:42 Info AppSvrOperator::OnPackage :: Command 14 returned from server.

2020-07-16 15:29:42 Info AppSvrOperator::SynExecute :: Command 14 executed.

2020-07-16 15:29:42 Info AppSvrOperator::SynExecute :: Executing command 12 ...

2020-07-16 15:29:42 Info AppSvrOperator::OnExecute :: Command 12 sent to server.

2020-07-16 15:29:42 Info AppSvrOperator::OnPackage :: Command 12 received from server.

2020-07-16 15:29:42 Info AppSvrOperator::OnPackage :: Command 12 returned from server.

2020-07-16 15:29:42 Info AppSvrOperator::SynExecute :: Command 12 executed.

2020-07-16 15:29:42 Info AppSvrOperator::SynExecute :: Executing command 3 ...

2020-07-16 15:29:42 Info AppSvrOperator::OnExecute :: Command 3 sent to server.

2020-07-16 15:29:42 Info AppSvrOperator::OnPackage :: Command 3 received from server.

2020-07-16 15:29:42 Info AppSvrOperator::OnPackage :: Command 3 returned from server.

2020-07-16 15:29:42 Info AppSvrOperator::SynExecute :: Command 3 executed.

2020-07-16 15:29:42 Info AppSvrOperator::SynExecute :: Executing command 12 ...

2020-07-16 15:29:42 Info AppSvrOperator::OnExecute :: Command 12 sent to server.

2020-07-16 15:29:42 Info AppSvrOperator::OnPackage :: Command 12 received from server.

2020-07-16 15:29:42 Info AppSvrOperator::OnPackage :: Command 12 returned from server.

2020-07-16 15:29:42 Info AppSvrOperator::SynExecute :: Command 12 executed.

2020-07-16 15:29:42 Info AppSvrOperator::SynExecute :: Executing command 3 ...

2020-07-16 15:29:42 Info AppSvrOperator::OnExecute :: Command 3 sent to server.

2020-07-16 15:29:42 Info AppSvrOperator::OnPackage :: Command 3 received from server.

2020-07-16 15:29:42 Info AppSvrOperator::OnPackage :: Command 3 returned from server.

2020-07-16 15:29:42 Info AppSvrOperator::SynExecute :: Command 3 executed.

2020-07-16 15:29:42 Info AppSvrOperator::SynExecute :: Executing command 12 ...

2020-07-16 15:29:42 Info AppSvrOperator::OnExecute :: Command 12 sent to server.

2020-07-16 15:29:42 Info AppSvrOperator::OnPackage :: Command 12 received from server.

2020-07-16 15:29:42 Info AppSvrOperator::OnPackage :: Command 12 returned from server.

2020-07-16 15:29:42 Info AppSvrOperator::SynExecute :: Command 12 executed.

2020-07-16 15:29:42 Info AppSvrOperator::SynExecute :: Executing command 3 ...

2020-07-16 15:29:42 Info AppSvrOperator::OnExecute :: Command 3 sent to server.

2020-07-16 15:29:42 Info AppSvrOperator::OnPackage :: Command 3 received from server.

2020-07-16 15:29:42 Info AppSvrOperator::OnPackage :: Command 3 returned from server.

2020-07-16 15:29:42 Info AppSvrOperator::SynExecute :: Command 3 executed.

2020-07-16 15:29:42 Info AppSvrOperator::SynExecute :: Executing command 12 ...

2020-07-16 15:29:42 Info AppSvrOperator::OnExecute :: Command 12 sent to server.

2020-07-16 15:29:42 Info AppSvrOperator::OnPackage :: Command 12 received from server.

2020-07-16 15:29:42 Info AppSvrOperator::OnPackage :: Command 12 returned from server.

2020-07-16 15:29:42 Info AppSvrOperator::SynExecute :: Command 12 executed.

2020-07-16 15:29:42 Info AppSvrOperator::SynExecute :: Executing command 3 ...

2020-07-16 15:29:42 Info AppSvrOperator::OnExecute :: Command 3 sent to server.

2020-07-16 15:29:42 Info AppSvrOperator::OnPackage :: Command 3 received from server.

2020-07-16 15:29:42 Info AppSvrOperator::OnPackage :: Command 3 returned from server.

2020-07-16 15:29:42 Info AppSvrOperator::SynExecute :: Command 3 executed.

2020-07-16 15:29:42 Info AppSvrOperator::SynExecute :: Executing command 14 ...

2020-07-16 15:29:42 Info AppSvrOperator::OnExecute :: Command 14 sent to server.

2020-07-16 15:29:42 Info AppSvrOperator::OnPackage :: Command 14 received from server.

2020-07-16 15:29:42 Info AppSvrOperator::OnPackage :: Command 14 returned from server.

2020-07-16 15:29:42 Info AppSvrOperator::SynExecute :: Command 14 executed.

2020-07-16 15:29:44 Info AppSvrOperator::OnPackage :: Command 11 received from server.

2020-07-16 15:29:44 Info AppSvrOperator::OnPackage :: Message -2147482880 send from server.

2020-07-16 15:29:44 Info AppSvrOperator::OnPackage :: Command 11 received from server.

2020-07-16 15:29:44 Info AppSvrOperator::OnPackage :: Message -2147482880 send from server.

2020-07-16 15:29:44 Info AppSvrOperator::OnPackage :: Command 11 received from server.

2020-07-16 15:29:44 Info AppSvrOperator::OnPackage :: Message -2147482880 send from server.

2020-07-16 15:29:44 Info AppSvrOperator::OnPackage :: Command 11 received from server.

2020-07-16 15:29:44 Info AppSvrOperator::OnPackage :: Message -2147482880 send from server.

2020-07-16 15:29:45 Info AppSvrOperator::OnPackage :: Command 11 received from server.

2020-07-16 15:29:45 Info AppSvrOperator::OnPackage :: Message -2147482880 send from server.

2020-07-16 15:29:49 Info AppSvrOperator::SynExecute :: Executing command 0 ...

2020-07-16 15:29:49 Info AppSvrOperator::OnExecute :: Command 0 sent to server.

2020-07-16 15:29:49 Info AppSvrOperator::OnPackage :: Command 0 received from server.

2020-07-16 15:29:49 Info AppSvrOperator::OnPackage :: Command 0 returned from server.

2020-07-16 15:29:49 Info AppSvrOperator::SynExecute :: Command 0 executed.

2020-07-16 15:29:52 Info AppSvrOperator::OnPackage :: Command 11 received from server.

2020-07-16 15:29:52 Info AppSvrOperator::OnPackage :: Message -2147482880 send from server.

2020-07-16 15:29:55 Info AppSvrOperator::OnPackage :: Command 11 received from server.

2020-07-16 15:29:55 Info AppSvrOperator::OnPackage :: Message -2147482880 send from server.

2020-07-16 15:30:00 Info AppSvrOperator::OnPackage :: Command 11 received from server.

2020-07-16 15:30:00 Info AppSvrOperator::OnPackage :: Message -2147482880 send from server.

2020-07-16 15:30:00 Info AppSvrOperator::SynExecute :: Executing command 0 ...

2020-07-16 15:30:00 Info AppSvrOperator::OnExecute :: Command 0 sent to server.

2020-07-16 15:30:00 Info AppSvrOperator::OnPackage :: Command 0 received from server.

2020-07-16 15:30:00 Info AppSvrOperator::OnPackage :: Command 0 returned from server.

2020-07-16 15:30:00 Info AppSvrOperator::SynExecute :: Command 0 executed.

2020-07-16 15:30:04 Info AppSvrOperator::OnPackage :: Command 11 received from server.

2020-07-16 15:30:04 Info AppSvrOperator::OnPackage :: Message -2147482880 send from server.

2020-07-16 15:30:04 Info AppSvrOperator::OnPackage :: Command 11 received from server.

2020-07-16 15:30:04 Info AppSvrOperator::OnPackage :: Message -2147482880 send from server.

2020-07-16 15:30:04 Info AppSvrOperator::OnPackage :: Command 11 received from server.

2020-07-16 15:30:04 Info AppSvrOperator::OnPackage :: Message -2147482880 send from server.

2020-07-16 15:30:04 Info AppSvrOperator::OnPackage :: Command 11 received from server.

2020-07-16 15:30:04 Info AppSvrOperator::OnPackage :: Message -2147482880 send from server.

2020-07-16 15:30:04 Info AppSvrOperator::OnPackage :: Command 11 received from server.

2020-07-16 15:30:04 Info AppSvrOperator::OnPackage :: Message -2147482880 send from server.

2020-07-16 15:30:04 Info AppSvrOperator::OnPackage :: Command 11 received from server.

2020-07-16 15:30:04 Info AppSvrOperator::OnPackage :: Message -2147482880 send from server.

2020-07-16 15:30:05 Info AppSvrOperator::OnPackage :: Command 11 received from server.

2020-07-16 15:30:05 Info AppSvrOperator::OnPackage :: Message -2147482880 send from server.

2020-07-16 15:30:05 Info AppSvrOperator::OnPackage :: Command 11 received from server.

2020-07-16 15:30:05 Info AppSvrOperator::OnPackage :: Message -2147482880 send from server.

2020-07-16 15:30:05 Info AppSvrOperator::OnPackage :: Command 11 received from server.

2020-07-16 15:30:05 Info AppSvrOperator::OnPackage :: Message -2147482880 send from server.

2020-07-16 15:30:05 Info AppSvrOperator::OnPackage :: Command 11 received from server.

2020-07-16 15:30:05 Info AppSvrOperator::OnPackage :: Message -2147482880 send from server.

2020-07-16 15:30:05 Info AppSvrOperator::OnPackage :: Command 11 received from server.

2020-07-16 15:30:05 Info AppSvrOperator::OnPackage :: Message -2147482880 send from server.

2020-07-16 15:30:05 Info AppSvrOperator::OnPackage :: Command 11 received from server.

2020-07-16 15:30:05 Info AppSvrOperator::OnPackage :: Message -2147482880 send from server.

2020-07-16 15:30:05 Info AppSvrOperator::OnPackage :: Command 11 received from server.

2020-07-16 15:30:05 Info AppSvrOperator::OnPackage :: Message -2147482880 send from server.

2020-07-16 15:30:05 Info AppSvrOperator::OnPackage :: Command 11 received from server.

2020-07-16 15:30:05 Info AppSvrOperator::OnPackage :: Message -2147482880 send from server.

2020-07-16 15:30:05 Info AppSvrOperator::OnPackage :: Command 11 received from server.

2020-07-16 15:30:05 Info AppSvrOperator::OnPackage :: Message -2147482880 send from server.

2020-07-16 15:30:05 Info AppSvrOperator::SynExecute :: Executing command 14 ...

2020-07-16 15:30:05 Info AppSvrOperator::OnExecute :: Command 14 sent to server.

2020-07-16 15:30:05 Info AppSvrOperator::OnPackage :: Command 14 received from server.

2020-07-16 15:30:05 Info AppSvrOperator::OnPackage :: Command 14 returned from server.

2020-07-16 15:30:05 Info AppSvrOperator::SynExecute :: Command 14 executed.

2020-07-16 15:30:08 Info AppSvrOperator::SynExecute :: Executing command 14 ...

2020-07-16 15:30:08 Info AppSvrOperator::OnExecute :: Command 14 sent to server.

2020-07-16 15:30:08 Info AppSvrOperator::OnPackage :: Command 14 received from server.

2020-07-16 15:30:08 Info AppSvrOperator::OnPackage :: Command 14 returned from server.

2020-07-16 15:30:08 Info AppSvrOperator::SynExecute :: Command 14 executed.

2020-07-16 15:30:10 Info AppSvrOperator::OnPackage :: Command 11 received from server.

2020-07-16 15:30:10 Info AppSvrOperator::OnPackage :: Message -2147482880 send from server.

2020-07-16 15:30:10 Info AppSvrOperator::SynExecute :: Executing command 14 ...

2020-07-16 15:30:10 Info AppSvrOperator::OnExecute :: Command 14 sent to server.

2020-07-16 15:30:11 Info AppSvrOperator::OnPackage :: Command 14 received from server.

2020-07-16 15:30:11 Info AppSvrOperator::OnPackage :: Command 14 returned from server.

2020-07-16 15:30:11 Info AppSvrOperator::SynExecute :: Command 14 executed.

2020-07-16 15:30:11 Info AppSvrOperator::SynExecute :: Executing command 14 ...

2020-07-16 15:30:11 Info AppSvrOperator::OnExecute :: Command 14 sent to server.

2020-07-16 15:30:11 Info AppSvrOperator::OnPackage :: Command 14 received from server.

2020-07-16 15:30:11 Info AppSvrOperator::OnPackage :: Command 14 returned from server.

2020-07-16 15:30:11 Info AppSvrOperator::SynExecute :: Command 14 executed.

2020-07-16 15:30:11 Info AppSvrOperator::SynExecute :: Executing command 0 ...

2020-07-16 15:30:11 Info AppSvrOperator::OnExecute :: Command 0 sent to server.

2020-07-16 15:30:11 Info AppSvrOperator::OnPackage :: Command 0 received from server.

2020-07-16 15:30:11 Info AppSvrOperator::OnPackage :: Command 0 returned from server.

2020-07-16 15:30:11 Info AppSvrOperator::SynExecute :: Command 0 executed.

2020-07-16 15:30:12 Info AppSvrOperator::OnPackage :: Command 11 received from server.

2020-07-16 15:30:12 Info AppSvrOperator::OnPackage :: Message -2147482880 send from server.

2020-07-16 15:30:12 Info AppSvrOperator::OnPackage :: Command 11 received from server.

2020-07-16 15:30:12 Info AppSvrOperator::OnPackage :: Message -2147482880 send from server.

2020-07-16 15:30:13 Info AppSvrOperator::OnPackage :: Command 11 received from server.

2020-07-16 15:30:13 Info AppSvrOperator::OnPackage :: Message -2147482880 send from server.

2020-07-16 15:30:13 Info AppSvrOperator::OnPackage :: Command 11 received from server.

2020-07-16 15:30:13 Info AppSvrOperator::OnPackage :: Message -2147482880 send from server.

2020-07-16 15:30:13 Info AppSvrOperator::SynExecute :: Executing command 14 ...

2020-07-16 15:30:13 Info AppSvrOperator::OnExecute :: Command 14 sent to server.

2020-07-16 15:30:13 Info AppSvrOperator::OnPackage :: Command 14 received from server.

2020-07-16 15:30:13 Info AppSvrOperator::OnPackage :: Command 14 returned from server.

2020-07-16 15:30:13 Info AppSvrOperator::SynExecute :: Command 14 executed.

2020-07-16 15:30:15 Info AppSvrOperator::SynExecute :: Executing command 14 ...

2020-07-16 15:30:15 Info AppSvrOperator::OnExecute :: Command 14 sent to server.

2020-07-16 15:30:15 Info AppSvrOperator::OnPackage :: Command 11 received from server.

2020-07-16 15:30:15 Info AppSvrOperator::OnPackage :: Message -2147482880 send from server.

2020-07-16 15:30:15 Info AppSvrOperator::OnPackage :: Command 14 received from server.

2020-07-16 15:30:15 Info AppSvrOperator::OnPackage :: Command 14 returned from server.

2020-07-16 15:30:15 Info AppSvrOperator::SynExecute :: Command 14 executed.

2020-07-16 15:30:15 Info AppSvrOperator::SynExecute :: Executing command 14 ...

2020-07-16 15:30:15 Info AppSvrOperator::OnExecute :: Command 14 sent to server.

2020-07-16 15:30:15 Info AppSvrOperator::OnPackage :: Command 11 received from server.

2020-07-16 15:30:15 Info AppSvrOperator::OnPackage :: Message -2147482880 send from server.

2020-07-16 15:30:15 Info AppSvrOperator::OnPackage :: Command 11 received from server.

2020-07-16 15:30:15 Info AppSvrOperator::OnPackage :: Message -2147482880 send from server.

2020-07-16 15:30:15 Info AppSvrOperator::OnPackage :: Command 14 received from server.

2020-07-16 15:30:15 Info AppSvrOperator::OnPackage :: Command 14 returned from server.

2020-07-16 15:30:15 Info AppSvrOperator::SynExecute :: Command 14 executed.

2020-07-16 15:30:20 Info AppSvrOperator::OnPackage :: Command 11 received from server.

2020-07-16 15:30:20 Info AppSvrOperator::OnPackage :: Message -2147482880 send from server.

2020-07-16 15:30:22 Info AppSvrOperator::SynExecute :: Executing command 14 ...

2020-07-16 15:30:22 Info AppSvrOperator::OnExecute :: Command 14 sent to server.

2020-07-16 15:30:22 Info AppSvrOperator::OnPackage :: Command 11 received from server.

2020-07-16 15:30:22 Info AppSvrOperator::OnPackage :: Message -2147482880 send from server.

2020-07-16 15:30:22 Info AppSvrOperator::OnPackage :: Command 14 received from server.

2020-07-16 15:30:22 Info AppSvrOperator::OnPackage :: Command 14 returned from server.

2020-07-16 15:30:22 Info AppSvrOperator::SynExecute :: Command 14 executed.

2020-07-16 15:30:22 Info AppSvrOperator::SynExecute :: Executing command 14 ...

2020-07-16 15:30:22 Info AppSvrOperator::OnExecute :: Command 14 sent to server.

2020-07-16 15:30:23 Info AppSvrOperator::OnPackage :: Command 14 received from server.

2020-07-16 15:30:23 Info AppSvrOperator::OnPackage :: Command 14 returned from server.

2020-07-16 15:30:23 Info AppSvrOperator::SynExecute :: Command 14 executed.

2020-07-16 15:30:23 Info AppSvrOperator::SynExecute :: Executing command 0 ...

2020-07-16 15:30:23 Info AppSvrOperator::OnExecute :: Command 0 sent to server.

2020-07-16 15:30:23 Info AppSvrOperator::OnPackage :: Command 0 received from server.

2020-07-16 15:30:23 Info AppSvrOperator::OnPackage :: Command 0 returned from server.

2020-07-16 15:30:23 Info AppSvrOperator::SynExecute :: Command 0 executed.

2020-07-16 15:30:23 Info AppSvrOperator::SynExecute :: Executing command 14 ...

2020-07-16 15:30:23 Info AppSvrOperator::OnExecute :: Command 14 sent to server.

2020-07-16 15:30:23 Info AppSvrOperator::OnPackage :: Command 14 received from server.

2020-07-16 15:30:23 Info AppSvrOperator::OnPackage :: Command 14 returned from server.

2020-07-16 15:30:23 Info AppSvrOperator::SynExecute :: Command 14 executed.

2020-07-16 15:30:25 Info AppSvrOperator::OnPackage :: Command 11 received from server.

2020-07-16 15:30:25 Info AppSvrOperator::OnPackage :: Message -2147482880 send from server.

2020-07-16 15:30:29 Info AppSvrOperator::SynExecute :: Executing command 13 ...

2020-07-16 15:30:29 Info AppSvrOperator::OnExecute :: Command 13 sent to server.

2020-07-16 15:30:29 Info AppSvrOperator::OnPackage :: Command 13 received from server.

2020-07-16 15:30:29 Info AppSvrOperator::OnPackage :: Command 13 returned from server.

2020-07-16 15:30:29 Info AppSvrOperator::SynExecute :: Command 13 executed.

2020-07-16 15:30:29 Info AppSvrOperator::SynExecute :: Executing command 2 ...

2020-07-16 15:30:29 Info AppSvrOperator::OnExecute :: Command 2 sent to server.

2020-07-16 15:30:30 Info AppSvrOperator::OnPackage :: Command 2 received from server.

2020-07-16 15:30:30 Info AppSvrOperator::OnPackage :: Command 2 returned from server.

2020-07-16 15:30:30 Info AppSvrOperator::SynExecute :: Command 2 executed.

2020-07-16 15:30:30 Info AppSvrOperator::OnDisconnect :: User order to disconnect from server.

2020-07-16 15:30:30 Info AppSvrOperator :: Operator thread quit.
